2015-02-10 07:33:24,814 [main] ERROR StackTrace  - Full Stack Trace:
java.lang.IllegalArgumentException: Parameter for constraint [max] of property [description] of class [class dk.dm844.bsg.Ship] must be the same type as property: [java.lang.String]
	at org.codehaus.groovy.grails.validation.MaxConstraint.setParameter(MaxConstraint.java:67)
	at org.codehaus.groovy.grails.validation.ConstrainedProperty.applyConstraint(ConstrainedProperty.java:1031)
	at org.codehaus.groovy.grails.validation.ConstrainedPropertyBuilder.createNode(ConstrainedPropertyBuilder.java:134)
	at groovy.util.BuilderSupport.doInvokeMethod(BuilderSupport.java:81)
	at org.codehaus.groovy.grails.validation.ConstrainedPropertyBuilder.doInvokeMethod(ConstrainedPropertyBuilder.java:70)
	at groovy.util.BuilderSupport.invokeMethod(BuilderSupport.java:64)
	at groovy.lang.MetaClassImpl.invokeMethodOnGroovyObject(MetaClassImpl.java:1272)
	at groovy.lang.MetaClassImpl.invokeMethod(MetaClassImpl.java:1104)
	at groovy.lang.ExpandoMetaClass.invokeMethod(ExpandoMetaClass.java:1110)
	at groovy.lang.MetaClassImpl.invokeMethod(MetaClassImpl.java:1016)
	at org.codehaus.groovy.runtime.callsite.PogoMetaClassSite.callCurrent(PogoMetaClassSite.java:66)
	at org.codehaus.groovy.runtime.callsite.CallSiteArray.defaultCallCurrent(CallSiteArray.java:49)
	at org.codehaus.groovy.runtime.callsite.AbstractCallSite.callCurrent(AbstractCallSite.java:133)
	at org.codehaus.groovy.runtime.callsite.AbstractCallSite.callCurrent(AbstractCallSite.java:141)
	at dk.dm844.bsg.Ship$__clinit__closure1.doCall(Ship.groovy:13)
	at dk.dm844.bsg.Ship$__clinit__closure1.doCall(Ship.groovy)
	at sun.reflect.NativeMethodAccessorImpl.invoke0(Native Method)
	at sun.reflect.NativeMethodAccessorImpl.invoke(NativeMethodAccessorImpl.java:57)
	at sun.reflect.DelegatingMethodAccessorImpl.invoke(DelegatingMethodAccessorImpl.java:43)
	at java.lang.reflect.Method.invoke(Method.java:606)
	at org.springsource.loaded.ri.ReflectiveInterceptor.jlrMethodInvoke(ReflectiveInterceptor.java:1270)
	at org.codehaus.groovy.reflection.CachedMethod.invoke(CachedMethod.java:90)
	at groovy.lang.MetaMethod.doMethodInvoke(MetaMethod.java:324)
	at groovy.lang.MetaClassImpl.invokeMethod(MetaClassImpl.java:1207)
	at groovy.lang.ExpandoMetaClass.invokeMethod(ExpandoMetaClass.java:1110)
	at groovy.lang.MetaClassImpl.invokeMethod(MetaClassImpl.java:1016)
	at groovy.lang.Closure.call(Closure.java:423)
	at dk.dm844.bsg.Ship$__clinit__closure1.call(Ship.groovy)
	at groovy.lang.Closure.call(Closure.java:417)
	at dk.dm844.bsg.Ship$__clinit__closure1.call(Ship.groovy)
	at org.codehaus.groovy.grails.validation.DefaultConstraintEvaluator.evaluateConstraints(DefaultConstraintEvaluator.java:123)
	at org.codehaus.groovy.grails.validation.DefaultConstraintEvaluator.evaluateConstraints(DefaultConstraintEvaluator.java:90)
	at org.codehaus.groovy.grails.validation.DefaultConstraintEvaluator.evaluate(DefaultConstraintEvaluator.java:316)
	at org.codehaus.groovy.grails.commons.DefaultGrailsDomainClass.initializeConstraints(DefaultGrailsDomainClass.java:756)
	at org.codehaus.groovy.grails.commons.DefaultGrailsDomainClass.getConstrainedProperties(DefaultGrailsDomainClass.java:747)
	at org.codehaus.groovy.grails.commons.DefaultGrailsDomainClassProperty.isOptional(DefaultGrailsDomainClassProperty.java:215)
	at org.codehaus.groovy.grails.orm.hibernate.cfg.AbstractGrailsDomainBinder.bindColumn(AbstractGrailsDomainBinder.java:2768)
	at org.codehaus.groovy.grails.orm.hibernate.cfg.AbstractGrailsDomainBinder.bindSimpleValue(AbstractGrailsDomainBinder.java:2674)
	at org.codehaus.groovy.grails.orm.hibernate.cfg.AbstractGrailsDomainBinder.bindSimpleValue(AbstractGrailsDomainBinder.java:2615)
	at org.codehaus.groovy.grails.orm.hibernate.cfg.AbstractGrailsDomainBinder.bindSimpleId(AbstractGrailsDomainBinder.java:2448)
	at org.codehaus.groovy.grails.orm.hibernate.cfg.AbstractGrailsDomainBinder.bindIdentity(AbstractGrailsDomainBinder.java:1740)
	at org.codehaus.groovy.grails.orm.hibernate.cfg.AbstractGrailsDomainBinder.bindRootPersistentClassCommonValues(AbstractGrailsDomainBinder.java:1719)
	at org.codehaus.groovy.grails.orm.hibernate.cfg.AbstractGrailsDomainBinder.bindRoot(AbstractGrailsDomainBinder.java:1412)
	at org.codehaus.groovy.grails.orm.hibernate.cfg.AbstractGrailsDomainBinder.bindClass(AbstractGrailsDomainBinder.java:1224)
	at org.codehaus.groovy.grails.orm.hibernate.cfg.GrailsAnnotationConfiguration.secondPassCompile(GrailsAnnotationConfiguration.java:167)
	at org.hibernate.cfg.Configuration.buildSessionFactory(Configuration.java:1844)
	at org.codehaus.groovy.grails.orm.hibernate.cfg.GrailsAnnotationConfiguration.buildSessionFactory(GrailsAnnotationConfiguration.java:372)
	at org.codehaus.groovy.grails.orm.hibernate.ConfigurableLocalSessionFactoryBean.doBuildSessionFactory(ConfigurableLocalSessionFactoryBean.java:479)
	at org.codehaus.groovy.grails.orm.hibernate.ConfigurableLocalSessionFactoryBean.buildSessionFactory(ConfigurableLocalSessionFactoryBean.java:473)
	at org.codehaus.groovy.grails.orm.hibernate.ConfigurableLocalSessionFactoryBean.afterPropertiesSet(ConfigurableLocalSessionFactoryBean.java:387)
	at org.springframework.beans.factory.support.AbstractAutowireCapableBeanFactory.invokeInitMethods(AbstractAutowireCapableBeanFactory.java:1613)
	at org.springframework.beans.factory.support.AbstractAutowireCapableBeanFactory.initializeBean(AbstractAutowireCapableBeanFactory.java:1550)
	at org.springframework.beans.factory.support.AbstractAutowireCapableBeanFactory.doCreateBean(AbstractAutowireCapableBeanFactory.java:539)
	at org.springframework.beans.factory.support.AbstractAutowireCapableBeanFactory.createBean(AbstractAutowireCapableBeanFactory.java:475)
	at org.springframework.beans.factory.support.AbstractBeanFactory$1.getObject(AbstractBeanFactory.java:302)
	at org.springframework.beans.factory.support.DefaultSingletonBeanRegistry.getSingleton(DefaultSingletonBeanRegistry.java:228)
	at org.springframework.beans.factory.support.AbstractBeanFactory.doGetBean(AbstractBeanFactory.java:298)
	at org.springframework.beans.factory.support.AbstractBeanFactory.getBean(AbstractBeanFactory.java:193)
	at org.springframework.beans.factory.support.BeanDefinitionValueResolver.resolveReference(BeanDefinitionValueResolver.java:328)
	at org.springframework.beans.factory.support.BeanDefinitionValueResolver.resolveValueIfNecessary(BeanDefinitionValueResolver.java:108)
	at org.springframework.beans.factory.support.AbstractAutowireCapableBeanFactory.applyPropertyValues(AbstractAutowireCapableBeanFactory.java:1457)
	at org.springframework.beans.factory.support.AbstractAutowireCapableBeanFactory.populateBean(AbstractAutowireCapableBeanFactory.java:1198)
	at org.springframework.beans.factory.support.AbstractAutowireCapableBeanFactory.doCreateBean(AbstractAutowireCapableBeanFactory.java:537)
	at org.springframework.beans.factory.support.AbstractAutowireCapableBeanFactory.createBean(AbstractAutowireCapableBeanFactory.java:475)
	at org.springframework.beans.factory.support.AbstractBeanFactory$1.getObject(AbstractBeanFactory.java:302)
	at org.springframework.beans.factory.support.DefaultSingletonBeanRegistry.getSingleton(DefaultSingletonBeanRegistry.java:228)
	at org.springframework.beans.factory.support.AbstractBeanFactory.doGetBean(AbstractBeanFactory.java:298)
	at org.springframework.beans.factory.support.AbstractBeanFactory.getBean(AbstractBeanFactory.java:198)
	at org.codehaus.groovy.grails.orm.support.TransactionManagerPostProcessor.initialize(TransactionManagerPostProcessor.java:74)
	at org.codehaus.groovy.grails.orm.support.TransactionManagerPostProcessor.setBeanFactory(TransactionManagerPostProcessor.java:52)
	at org.springframework.beans.factory.support.AbstractAutowireCapableBeanFactory.invokeAwareMethods(AbstractAutowireCapableBeanFactory.java:1573)
	at org.springframework.beans.factory.support.AbstractAutowireCapableBeanFactory.initializeBean(AbstractAutowireCapableBeanFactory.java:1541)
	at org.springframework.beans.factory.support.AbstractAutowireCapableBeanFactory.doCreateBean(AbstractAutowireCapableBeanFactory.java:539)
	at org.springframework.beans.factory.support.AbstractAutowireCapableBeanFactory.createBean(AbstractAutowireCapableBeanFactory.java:475)
	at org.springframework.beans.factory.support.AbstractBeanFactory$1.getObject(AbstractBeanFactory.java:302)
	at org.springframework.beans.factory.support.DefaultSingletonBeanRegistry.getSingleton(DefaultSingletonBeanRegistry.java:228)
	at org.springframework.beans.factory.support.AbstractBeanFactory.doGetBean(AbstractBeanFactory.java:298)
	at org.springframework.beans.factory.support.AbstractBeanFactory.getBean(AbstractBeanFactory.java:198)
	at org.springframework.context.support.PostProcessorRegistrationDelegate.registerBeanPostProcessors(PostProcessorRegistrationDelegate.java:199)
	at org.springframework.context.support.AbstractApplicationContext.registerBeanPostProcessors(AbstractApplicationContext.java:620)
	at org.springframework.context.support.AbstractApplicationContext.refresh(AbstractApplicationContext.java:467)
	at org.codehaus.groovy.grails.commons.spring.DefaultRuntimeSpringConfiguration.getApplicationContext(DefaultRuntimeSpringConfiguration.java:156)
	at org.codehaus.groovy.grails.commons.spring.GrailsRuntimeConfigurator.initializeContext(GrailsRuntimeConfigurator.java:188)
	at org.codehaus.groovy.grails.commons.spring.GrailsRuntimeConfigurator.configure(GrailsRuntimeConfigurator.java:168)
	at org.codehaus.groovy.grails.commons.spring.GrailsRuntimeConfigurator.configure(GrailsRuntimeConfigurator.java:127)
	at org.codehaus.groovy.grails.project.loader.GrailsProjectLoader$_configureApplication_closure3.doCall(GrailsProjectLoader.groovy:134)
	at org.codehaus.groovy.grails.project.loader.GrailsProjectLoader$_configureApplication_closure3.call(GrailsProjectLoader.groovy)
	at org.codehaus.groovy.grails.cli.api.BaseSettingsApi.profile(BaseSettingsApi.java:342)
	at org.codehaus.groovy.grails.project.loader.GrailsProjectLoader.configureApplication(GrailsProjectLoader.groovy:131)
	at org.codehaus.groovy.grails.project.ui.GrailsProjectConsole.run(GrailsProjectConsole.groovy:65)
	at sun.reflect.NativeMethodAccessorImpl.invoke0(Native Method)
	at sun.reflect.NativeMethodAccessorImpl.invoke(NativeMethodAccessorImpl.java:57)
	at sun.reflect.DelegatingMethodAccessorImpl.invoke(DelegatingMethodAccessorImpl.java:43)
	at java.lang.reflect.Method.invoke(Method.java:606)
	at org.springsource.loaded.ri.ReflectiveInterceptor.jlrMethodInvoke(ReflectiveInterceptor.java:1270)
	at org.codehaus.groovy.reflection.CachedMethod.invoke(CachedMethod.java:90)
	at groovy.lang.MetaMethod.doMethodInvoke(MetaMethod.java:324)
	at groovy.lang.MetaClassImpl.invokeMethod(MetaClassImpl.java:1207)
	at groovy.lang.ExpandoMetaClass.invokeMethod(ExpandoMetaClass.java:1110)
	at groovy.lang.MetaClassImpl.invokeMethod(MetaClassImpl.java:1016)
	at groovy.lang.MetaClassImpl.invokeMethod(MetaClassImpl.java:800)
	at org.codehaus.groovy.grails.project.ui.GrailsProjectConsole.invokeMethod(GrailsProjectConsole.groovy)
	at grails.ui.console.GrailsSwingConsole.runInstance(GrailsSwingConsole.groovy:61)
	at org.codehaus.groovy.grails.cli.fork.ForkedGrailsProjectClassExecutor.run(ForkedGrailsProjectClassExecutor.groovy:74)
	at grails.ui.console.GrailsSwingConsole.main(GrailsSwingConsole.groovy:39)
2015-02-10 07:33:24,817 [main] ERROR StackTrace  - Full Stack Trace:
java.lang.IllegalArgumentException: Parameter for constraint [max] of property [description] of class [class dk.dm844.bsg.Ship] must be the same type as property: [java.lang.String]
	at dk.dm844.bsg.Ship$__clinit__closure1.doCall(Ship.groovy:13)
	at grails.ui.console.GrailsSwingConsole.runInstance(GrailsSwingConsole.groovy:61)
	at grails.ui.console.GrailsSwingConsole.main(GrailsSwingConsole.groovy:39)
2015-02-10 07:33:24,817 [main] ERROR StackTrace  - Full Stack Trace:
java.lang.IllegalArgumentException: Parameter for constraint [max] of property [description] of class [class dk.dm844.bsg.Ship] must be the same type as property: [java.lang.String]
	at dk.dm844.bsg.Ship$__clinit__closure1.doCall(Ship.groovy:13)
	at grails.ui.console.GrailsSwingConsole.runInstance(GrailsSwingConsole.groovy:61)
	at grails.ui.console.GrailsSwingConsole.main(GrailsSwingConsole.groovy:39)
2015-02-10 07:33:24,817 [main] ERROR StackTrace  - Full Stack Trace:
java.lang.IllegalArgumentException: Parameter for constraint [max] of property [description] of class [class dk.dm844.bsg.Ship] must be the same type as property: [java.lang.String]
	at dk.dm844.bsg.Ship$__clinit__closure1.doCall(Ship.groovy:13)
	at grails.ui.console.GrailsSwingConsole.runInstance(GrailsSwingConsole.groovy:61)
	at grails.ui.console.GrailsSwingConsole.main(GrailsSwingConsole.groovy:39)
2015-02-10 07:34:41,535 [main] ERROR StackTrace  - Full Stack Trace:
java.lang.IllegalArgumentException: Parameter for constraint [max] of property [description] of class [class dk.dm844.bsg.Ship] must be the same type as property: [java.lang.String]
	at org.codehaus.groovy.grails.validation.MaxConstraint.setParameter(MaxConstraint.java:67)
	at org.codehaus.groovy.grails.validation.ConstrainedProperty.applyConstraint(ConstrainedProperty.java:1031)
	at org.codehaus.groovy.grails.validation.ConstrainedPropertyBuilder.createNode(ConstrainedPropertyBuilder.java:134)
	at groovy.util.BuilderSupport.doInvokeMethod(BuilderSupport.java:81)
	at org.codehaus.groovy.grails.validation.ConstrainedPropertyBuilder.doInvokeMethod(ConstrainedPropertyBuilder.java:70)
	at groovy.util.BuilderSupport.invokeMethod(BuilderSupport.java:64)
	at groovy.lang.MetaClassImpl.invokeMethodOnGroovyObject(MetaClassImpl.java:1272)
	at groovy.lang.MetaClassImpl.invokeMethod(MetaClassImpl.java:1104)
	at groovy.lang.ExpandoMetaClass.invokeMethod(ExpandoMetaClass.java:1110)
	at groovy.lang.MetaClassImpl.invokeMethod(MetaClassImpl.java:1016)
	at org.codehaus.groovy.runtime.callsite.PogoMetaClassSite.callCurrent(PogoMetaClassSite.java:66)
	at org.codehaus.groovy.runtime.callsite.CallSiteArray.defaultCallCurrent(CallSiteArray.java:49)
	at org.codehaus.groovy.runtime.callsite.AbstractCallSite.callCurrent(AbstractCallSite.java:133)
	at org.codehaus.groovy.runtime.callsite.AbstractCallSite.callCurrent(AbstractCallSite.java:141)
	at dk.dm844.bsg.Ship$__clinit__closure1.doCall(Ship.groovy:13)
	at dk.dm844.bsg.Ship$__clinit__closure1.doCall(Ship.groovy)
	at sun.reflect.NativeMethodAccessorImpl.invoke0(Native Method)
	at sun.reflect.NativeMethodAccessorImpl.invoke(NativeMethodAccessorImpl.java:57)
	at sun.reflect.DelegatingMethodAccessorImpl.invoke(DelegatingMethodAccessorImpl.java:43)
	at java.lang.reflect.Method.invoke(Method.java:606)
	at org.springsource.loaded.ri.ReflectiveInterceptor.jlrMethodInvoke(ReflectiveInterceptor.java:1270)
	at org.codehaus.groovy.reflection.CachedMethod.invoke(CachedMethod.java:90)
	at groovy.lang.MetaMethod.doMethodInvoke(MetaMethod.java:324)
	at groovy.lang.MetaClassImpl.invokeMethod(MetaClassImpl.java:1207)
	at groovy.lang.ExpandoMetaClass.invokeMethod(ExpandoMetaClass.java:1110)
	at groovy.lang.MetaClassImpl.invokeMethod(MetaClassImpl.java:1016)
	at groovy.lang.Closure.call(Closure.java:423)
	at dk.dm844.bsg.Ship$__clinit__closure1.call(Ship.groovy)
	at groovy.lang.Closure.call(Closure.java:417)
	at dk.dm844.bsg.Ship$__clinit__closure1.call(Ship.groovy)
	at org.codehaus.groovy.grails.validation.DefaultConstraintEvaluator.evaluateConstraints(DefaultConstraintEvaluator.java:123)
	at org.codehaus.groovy.grails.validation.DefaultConstraintEvaluator.evaluateConstraints(DefaultConstraintEvaluator.java:90)
	at org.codehaus.groovy.grails.validation.DefaultConstraintEvaluator.evaluate(DefaultConstraintEvaluator.java:316)
	at org.codehaus.groovy.grails.commons.DefaultGrailsDomainClass.initializeConstraints(DefaultGrailsDomainClass.java:756)
	at org.codehaus.groovy.grails.commons.DefaultGrailsDomainClass.getConstrainedProperties(DefaultGrailsDomainClass.java:747)
	at org.codehaus.groovy.grails.commons.DefaultGrailsDomainClassProperty.isOptional(DefaultGrailsDomainClassProperty.java:215)
	at org.codehaus.groovy.grails.orm.hibernate.cfg.AbstractGrailsDomainBinder.bindColumn(AbstractGrailsDomainBinder.java:2768)
	at org.codehaus.groovy.grails.orm.hibernate.cfg.AbstractGrailsDomainBinder.bindSimpleValue(AbstractGrailsDomainBinder.java:2674)
	at org.codehaus.groovy.grails.orm.hibernate.cfg.AbstractGrailsDomainBinder.bindSimpleValue(AbstractGrailsDomainBinder.java:2615)
	at org.codehaus.groovy.grails.orm.hibernate.cfg.AbstractGrailsDomainBinder.bindSimpleId(AbstractGrailsDomainBinder.java:2448)
	at org.codehaus.groovy.grails.orm.hibernate.cfg.AbstractGrailsDomainBinder.bindIdentity(AbstractGrailsDomainBinder.java:1740)
	at org.codehaus.groovy.grails.orm.hibernate.cfg.AbstractGrailsDomainBinder.bindRootPersistentClassCommonValues(AbstractGrailsDomainBinder.java:1719)
	at org.codehaus.groovy.grails.orm.hibernate.cfg.AbstractGrailsDomainBinder.bindRoot(AbstractGrailsDomainBinder.java:1412)
	at org.codehaus.groovy.grails.orm.hibernate.cfg.AbstractGrailsDomainBinder.bindClass(AbstractGrailsDomainBinder.java:1224)
	at org.codehaus.groovy.grails.orm.hibernate.cfg.GrailsAnnotationConfiguration.secondPassCompile(GrailsAnnotationConfiguration.java:167)
	at org.hibernate.cfg.Configuration.buildSessionFactory(Configuration.java:1844)
	at org.codehaus.groovy.grails.orm.hibernate.cfg.GrailsAnnotationConfiguration.buildSessionFactory(GrailsAnnotationConfiguration.java:372)
	at org.codehaus.groovy.grails.orm.hibernate.ConfigurableLocalSessionFactoryBean.doBuildSessionFactory(ConfigurableLocalSessionFactoryBean.java:479)
	at org.codehaus.groovy.grails.orm.hibernate.ConfigurableLocalSessionFactoryBean.buildSessionFactory(ConfigurableLocalSessionFactoryBean.java:473)
	at org.codehaus.groovy.grails.orm.hibernate.ConfigurableLocalSessionFactoryBean.afterPropertiesSet(ConfigurableLocalSessionFactoryBean.java:387)
	at org.springframework.beans.factory.support.AbstractAutowireCapableBeanFactory.invokeInitMethods(AbstractAutowireCapableBeanFactory.java:1613)
	at org.springframework.beans.factory.support.AbstractAutowireCapableBeanFactory.initializeBean(AbstractAutowireCapableBeanFactory.java:1550)
	at org.springframework.beans.factory.support.AbstractAutowireCapableBeanFactory.doCreateBean(AbstractAutowireCapableBeanFactory.java:539)
	at org.springframework.beans.factory.support.AbstractAutowireCapableBeanFactory.createBean(AbstractAutowireCapableBeanFactory.java:475)
	at org.springframework.beans.factory.support.AbstractBeanFactory$1.getObject(AbstractBeanFactory.java:302)
	at org.springframework.beans.factory.support.DefaultSingletonBeanRegistry.getSingleton(DefaultSingletonBeanRegistry.java:228)
	at org.springframework.beans.factory.support.AbstractBeanFactory.doGetBean(AbstractBeanFactory.java:298)
	at org.springframework.beans.factory.support.AbstractBeanFactory.getBean(AbstractBeanFactory.java:193)
	at org.springframework.beans.factory.support.BeanDefinitionValueResolver.resolveReference(BeanDefinitionValueResolver.java:328)
	at org.springframework.beans.factory.support.BeanDefinitionValueResolver.resolveValueIfNecessary(BeanDefinitionValueResolver.java:108)
	at org.springframework.beans.factory.support.AbstractAutowireCapableBeanFactory.applyPropertyValues(AbstractAutowireCapableBeanFactory.java:1457)
	at org.springframework.beans.factory.support.AbstractAutowireCapableBeanFactory.populateBean(AbstractAutowireCapableBeanFactory.java:1198)
	at org.springframework.beans.factory.support.AbstractAutowireCapableBeanFactory.doCreateBean(AbstractAutowireCapableBeanFactory.java:537)
	at org.springframework.beans.factory.support.AbstractAutowireCapableBeanFactory.createBean(AbstractAutowireCapableBeanFactory.java:475)
	at org.springframework.beans.factory.support.AbstractBeanFactory$1.getObject(AbstractBeanFactory.java:302)
	at org.springframework.beans.factory.support.DefaultSingletonBeanRegistry.getSingleton(DefaultSingletonBeanRegistry.java:228)
	at org.springframework.beans.factory.support.AbstractBeanFactory.doGetBean(AbstractBeanFactory.java:298)
	at org.springframework.beans.factory.support.AbstractBeanFactory.getBean(AbstractBeanFactory.java:198)
	at org.codehaus.groovy.grails.orm.support.TransactionManagerPostProcessor.initialize(TransactionManagerPostProcessor.java:74)
	at org.codehaus.groovy.grails.orm.support.TransactionManagerPostProcessor.setBeanFactory(TransactionManagerPostProcessor.java:52)
	at org.springframework.beans.factory.support.AbstractAutowireCapableBeanFactory.invokeAwareMethods(AbstractAutowireCapableBeanFactory.java:1573)
	at org.springframework.beans.factory.support.AbstractAutowireCapableBeanFactory.initializeBean(AbstractAutowireCapableBeanFactory.java:1541)
	at org.springframework.beans.factory.support.AbstractAutowireCapableBeanFactory.doCreateBean(AbstractAutowireCapableBeanFactory.java:539)
	at org.springframework.beans.factory.support.AbstractAutowireCapableBeanFactory.createBean(AbstractAutowireCapableBeanFactory.java:475)
	at org.springframework.beans.factory.support.AbstractBeanFactory$1.getObject(AbstractBeanFactory.java:302)
	at org.springframework.beans.factory.support.DefaultSingletonBeanRegistry.getSingleton(DefaultSingletonBeanRegistry.java:228)
	at org.springframework.beans.factory.support.AbstractBeanFactory.doGetBean(AbstractBeanFactory.java:298)
	at org.springframework.beans.factory.support.AbstractBeanFactory.getBean(AbstractBeanFactory.java:198)
	at org.springframework.context.support.PostProcessorRegistrationDelegate.registerBeanPostProcessors(PostProcessorRegistrationDelegate.java:199)
	at org.springframework.context.support.AbstractApplicationContext.registerBeanPostProcessors(AbstractApplicationContext.java:620)
	at org.springframework.context.support.AbstractApplicationContext.refresh(AbstractApplicationContext.java:467)
	at org.codehaus.groovy.grails.commons.spring.DefaultRuntimeSpringConfiguration.getApplicationContext(DefaultRuntimeSpringConfiguration.java:156)
	at org.codehaus.groovy.grails.commons.spring.GrailsRuntimeConfigurator.initializeContext(GrailsRuntimeConfigurator.java:188)
	at org.codehaus.groovy.grails.commons.spring.GrailsRuntimeConfigurator.configure(GrailsRuntimeConfigurator.java:168)
	at org.codehaus.groovy.grails.commons.spring.GrailsRuntimeConfigurator.configure(GrailsRuntimeConfigurator.java:127)
	at org.codehaus.groovy.grails.project.loader.GrailsProjectLoader$_configureApplication_closure3.doCall(GrailsProjectLoader.groovy:134)
	at org.codehaus.groovy.grails.project.loader.GrailsProjectLoader$_configureApplication_closure3.call(GrailsProjectLoader.groovy)
	at org.codehaus.groovy.grails.cli.api.BaseSettingsApi.profile(BaseSettingsApi.java:342)
	at org.codehaus.groovy.grails.project.loader.GrailsProjectLoader.configureApplication(GrailsProjectLoader.groovy:131)
	at org.codehaus.groovy.grails.project.ui.GrailsProjectConsole.run(GrailsProjectConsole.groovy:65)
	at sun.reflect.NativeMethodAccessorImpl.invoke0(Native Method)
	at sun.reflect.NativeMethodAccessorImpl.invoke(NativeMethodAccessorImpl.java:57)
	at sun.reflect.DelegatingMethodAccessorImpl.invoke(DelegatingMethodAccessorImpl.java:43)
	at java.lang.reflect.Method.invoke(Method.java:606)
	at org.springsource.loaded.ri.ReflectiveInterceptor.jlrMethodInvoke(ReflectiveInterceptor.java:1270)
	at org.codehaus.groovy.reflection.CachedMethod.invoke(CachedMethod.java:90)
	at groovy.lang.MetaMethod.doMethodInvoke(MetaMethod.java:324)
	at groovy.lang.MetaClassImpl.invokeMethod(MetaClassImpl.java:1207)
	at groovy.lang.ExpandoMetaClass.invokeMethod(ExpandoMetaClass.java:1110)
	at groovy.lang.MetaClassImpl.invokeMethod(MetaClassImpl.java:1016)
	at groovy.lang.MetaClassImpl.invokeMethod(MetaClassImpl.java:800)
	at org.codehaus.groovy.grails.project.ui.GrailsProjectConsole.invokeMethod(GrailsProjectConsole.groovy)
	at grails.ui.console.GrailsSwingConsole.runInstance(GrailsSwingConsole.groovy:61)
	at org.codehaus.groovy.grails.cli.fork.ForkedGrailsProjectClassExecutor.run(ForkedGrailsProjectClassExecutor.groovy:74)
	at grails.ui.console.GrailsSwingConsole.main(GrailsSwingConsole.groovy:39)
2015-02-10 07:34:41,538 [main] ERROR StackTrace  - Full Stack Trace:
java.lang.IllegalArgumentException: Parameter for constraint [max] of property [description] of class [class dk.dm844.bsg.Ship] must be the same type as property: [java.lang.String]
	at dk.dm844.bsg.Ship$__clinit__closure1.doCall(Ship.groovy:13)
	at grails.ui.console.GrailsSwingConsole.runInstance(GrailsSwingConsole.groovy:61)
	at grails.ui.console.GrailsSwingConsole.main(GrailsSwingConsole.groovy:39)
2015-02-10 07:34:41,538 [main] ERROR StackTrace  - Full Stack Trace:
java.lang.IllegalArgumentException: Parameter for constraint [max] of property [description] of class [class dk.dm844.bsg.Ship] must be the same type as property: [java.lang.String]
	at dk.dm844.bsg.Ship$__clinit__closure1.doCall(Ship.groovy:13)
	at grails.ui.console.GrailsSwingConsole.runInstance(GrailsSwingConsole.groovy:61)
	at grails.ui.console.GrailsSwingConsole.main(GrailsSwingConsole.groovy:39)
2015-02-10 07:34:41,538 [main] ERROR StackTrace  - Full Stack Trace:
java.lang.IllegalArgumentException: Parameter for constraint [max] of property [description] of class [class dk.dm844.bsg.Ship] must be the same type as property: [java.lang.String]
	at dk.dm844.bsg.Ship$__clinit__closure1.doCall(Ship.groovy:13)
	at grails.ui.console.GrailsSwingConsole.runInstance(GrailsSwingConsole.groovy:61)
	at grails.ui.console.GrailsSwingConsole.main(GrailsSwingConsole.groovy:39)
2015-02-10 07:53:10,919 [FileSystemWatcher: files=#100 cl=groovy.lang.GroovyClassLoader@1fda6a8] ERROR StackTrace  - Full Stack Trace:
java.lang.LinkageError: loader constraint violation: loader (instance of org/springsource/loaded/ChildClassLoader) previously initiated loading for a different type with name "dk/dm844/bsg/Shiptype"
	at java.lang.Class.getDeclaredMethods0(Native Method)
	at java.lang.Class.privateGetDeclaredMethods(Class.java:2615)
	at java.lang.Class.getDeclaredMethod(Class.java:2007)
	at org.springsource.loaded.CurrentLiveVersion.runStaticInitializer(CurrentLiveVersion.java:279)
	at org.springsource.loaded.ReloadableType.loadNewVersion(ReloadableType.java:407)
	at org.springsource.loaded.TypeRegistry.loadNewVersion(TypeRegistry.java:845)
	at org.springsource.loaded.agent.ReloadableFileChangeListener.fileChanged(ReloadableFileChangeListener.java:51)
	at org.springsource.loaded.agent.Watcher.determineChangesSince(FileSystemWatcher.java:235)
	at org.springsource.loaded.agent.Watcher.run(FileSystemWatcher.java:219)
	at java.lang.Thread.run(Thread.java:745)
2015-02-10 07:53:10,922 [FileSystemWatcher: files=#100 cl=groovy.lang.GroovyClassLoader@1fda6a8] ERROR StackTrace  - Full Stack Trace:
java.lang.LinkageError: loader constraint violation: loader (instance of org/springsource/loaded/ChildClassLoader) previously initiated loading for a different type with name "dk/dm844/bsg/Shiptype"
	at java.lang.Class.privateGetDeclaredMethods(Class.java:2615)
	at java.lang.Class.getDeclaredMethod(Class.java:2007)
	at java.lang.Thread.run(Thread.java:745)
2015-02-10 07:53:10,922 [FileSystemWatcher: files=#100 cl=groovy.lang.GroovyClassLoader@1fda6a8] ERROR StackTrace  - Full Stack Trace:
java.lang.LinkageError: loader constraint violation: loader (instance of org/springsource/loaded/ChildClassLoader) previously initiated loading for a different type with name "dk/dm844/bsg/Shiptype"
	at java.lang.Class.privateGetDeclaredMethods(Class.java:2615)
	at java.lang.Class.getDeclaredMethod(Class.java:2007)
	at java.lang.Thread.run(Thread.java:745)
2015-02-10 07:53:10,922 [FileSystemWatcher: files=#100 cl=groovy.lang.GroovyClassLoader@1fda6a8] ERROR StackTrace  - Full Stack Trace:
java.lang.LinkageError: loader constraint violation: loader (instance of org/springsource/loaded/ChildClassLoader) previously initiated loading for a different type with name "dk/dm844/bsg/Shiptype"
	at java.lang.Class.privateGetDeclaredMethods(Class.java:2615)
	at java.lang.Class.getDeclaredMethod(Class.java:2007)
	at java.lang.Thread.run(Thread.java:745)
2015-02-10 07:53:15,353 [FileSystemWatcher: files=#100 cl=groovy.lang.GroovyClassLoader@1fda6a8] ERROR StackTrace  - Full Stack Trace:
java.lang.LinkageError: loader constraint violation: loader (instance of org/springsource/loaded/ChildClassLoader) previously initiated loading for a different type with name "dk/dm844/bsg/Shiptype"
	at java.lang.Class.getDeclaredMethods0(Native Method)
	at java.lang.Class.privateGetDeclaredMethods(Class.java:2615)
	at java.lang.Class.getDeclaredMethod(Class.java:2007)
	at org.springsource.loaded.CurrentLiveVersion.runStaticInitializer(CurrentLiveVersion.java:279)
	at org.springsource.loaded.ReloadableType.loadNewVersion(ReloadableType.java:407)
	at org.springsource.loaded.TypeRegistry.loadNewVersion(TypeRegistry.java:845)
	at org.springsource.loaded.agent.ReloadableFileChangeListener.fileChanged(ReloadableFileChangeListener.java:51)
	at org.springsource.loaded.agent.Watcher.determineChangesSince(FileSystemWatcher.java:235)
	at org.springsource.loaded.agent.Watcher.run(FileSystemWatcher.java:219)
	at java.lang.Thread.run(Thread.java:745)
2015-02-10 07:53:15,354 [FileSystemWatcher: files=#100 cl=groovy.lang.GroovyClassLoader@1fda6a8] ERROR StackTrace  - Full Stack Trace:
java.lang.LinkageError: loader constraint violation: loader (instance of org/springsource/loaded/ChildClassLoader) previously initiated loading for a different type with name "dk/dm844/bsg/Shiptype"
	at java.lang.Class.privateGetDeclaredMethods(Class.java:2615)
	at java.lang.Class.getDeclaredMethod(Class.java:2007)
	at java.lang.Thread.run(Thread.java:745)
2015-02-10 07:53:15,354 [FileSystemWatcher: files=#100 cl=groovy.lang.GroovyClassLoader@1fda6a8] ERROR StackTrace  - Full Stack Trace:
java.lang.LinkageError: loader constraint violation: loader (instance of org/springsource/loaded/ChildClassLoader) previously initiated loading for a different type with name "dk/dm844/bsg/Shiptype"
	at java.lang.Class.privateGetDeclaredMethods(Class.java:2615)
	at java.lang.Class.getDeclaredMethod(Class.java:2007)
	at java.lang.Thread.run(Thread.java:745)
2015-02-10 07:53:15,354 [FileSystemWatcher: files=#100 cl=groovy.lang.GroovyClassLoader@1fda6a8] ERROR StackTrace  - Full Stack Trace:
java.lang.LinkageError: loader constraint violation: loader (instance of org/springsource/loaded/ChildClassLoader) previously initiated loading for a different type with name "dk/dm844/bsg/Shiptype"
	at java.lang.Class.privateGetDeclaredMethods(Class.java:2615)
	at java.lang.Class.getDeclaredMethod(Class.java:2007)
	at java.lang.Thread.run(Thread.java:745)
2015-02-10 07:53:40,673 [FileSystemWatcher: files=#100 cl=groovy.lang.GroovyClassLoader@1fda6a8] ERROR StackTrace  - Full Stack Trace:
java.lang.LinkageError: loader constraint violation: loader (instance of org/springsource/loaded/ChildClassLoader) previously initiated loading for a different type with name "dk/dm844/bsg/Shiptype"
	at java.lang.Class.getDeclaredMethods0(Native Method)
	at java.lang.Class.privateGetDeclaredMethods(Class.java:2615)
	at java.lang.Class.getDeclaredMethod(Class.java:2007)
	at org.springsource.loaded.CurrentLiveVersion.runStaticInitializer(CurrentLiveVersion.java:279)
	at org.springsource.loaded.ReloadableType.loadNewVersion(ReloadableType.java:407)
	at org.springsource.loaded.TypeRegistry.loadNewVersion(TypeRegistry.java:845)
	at org.springsource.loaded.agent.ReloadableFileChangeListener.fileChanged(ReloadableFileChangeListener.java:51)
	at org.springsource.loaded.agent.Watcher.determineChangesSince(FileSystemWatcher.java:235)
	at org.springsource.loaded.agent.Watcher.run(FileSystemWatcher.java:219)
	at java.lang.Thread.run(Thread.java:745)
2015-02-10 07:53:40,673 [FileSystemWatcher: files=#100 cl=groovy.lang.GroovyClassLoader@1fda6a8] ERROR StackTrace  - Full Stack Trace:
java.lang.LinkageError: loader constraint violation: loader (instance of org/springsource/loaded/ChildClassLoader) previously initiated loading for a different type with name "dk/dm844/bsg/Shiptype"
	at java.lang.Class.privateGetDeclaredMethods(Class.java:2615)
	at java.lang.Class.getDeclaredMethod(Class.java:2007)
	at java.lang.Thread.run(Thread.java:745)
2015-02-10 07:53:40,673 [FileSystemWatcher: files=#100 cl=groovy.lang.GroovyClassLoader@1fda6a8] ERROR StackTrace  - Full Stack Trace:
java.lang.LinkageError: loader constraint violation: loader (instance of org/springsource/loaded/ChildClassLoader) previously initiated loading for a different type with name "dk/dm844/bsg/Shiptype"
	at java.lang.Class.privateGetDeclaredMethods(Class.java:2615)
	at java.lang.Class.getDeclaredMethod(Class.java:2007)
	at java.lang.Thread.run(Thread.java:745)
2015-02-10 07:53:40,673 [FileSystemWatcher: files=#100 cl=groovy.lang.GroovyClassLoader@1fda6a8] ERROR StackTrace  - Full Stack Trace:
java.lang.LinkageError: loader constraint violation: loader (instance of org/springsource/loaded/ChildClassLoader) previously initiated loading for a different type with name "dk/dm844/bsg/Shiptype"
	at java.lang.Class.privateGetDeclaredMethods(Class.java:2615)
	at java.lang.Class.getDeclaredMethod(Class.java:2007)
	at java.lang.Thread.run(Thread.java:745)
2015-02-10 07:54:10,393 [FileSystemWatcher: files=#100 cl=groovy.lang.GroovyClassLoader@1fda6a8] ERROR StackTrace  - Full Stack Trace:
java.lang.LinkageError: loader constraint violation: loader (instance of org/springsource/loaded/ChildClassLoader) previously initiated loading for a different type with name "dk/dm844/bsg/Shiptype"
	at java.lang.Class.getDeclaredMethods0(Native Method)
	at java.lang.Class.privateGetDeclaredMethods(Class.java:2615)
	at java.lang.Class.getDeclaredMethod(Class.java:2007)
	at org.springsource.loaded.CurrentLiveVersion.runStaticInitializer(CurrentLiveVersion.java:279)
	at org.springsource.loaded.ReloadableType.loadNewVersion(ReloadableType.java:407)
	at org.springsource.loaded.TypeRegistry.loadNewVersion(TypeRegistry.java:845)
	at org.springsource.loaded.agent.ReloadableFileChangeListener.fileChanged(ReloadableFileChangeListener.java:51)
	at org.springsource.loaded.agent.Watcher.determineChangesSince(FileSystemWatcher.java:235)
	at org.springsource.loaded.agent.Watcher.run(FileSystemWatcher.java:219)
	at java.lang.Thread.run(Thread.java:745)
2015-02-10 07:54:10,393 [FileSystemWatcher: files=#100 cl=groovy.lang.GroovyClassLoader@1fda6a8] ERROR StackTrace  - Full Stack Trace:
java.lang.LinkageError: loader constraint violation: loader (instance of org/springsource/loaded/ChildClassLoader) previously initiated loading for a different type with name "dk/dm844/bsg/Shiptype"
	at java.lang.Class.privateGetDeclaredMethods(Class.java:2615)
	at java.lang.Class.getDeclaredMethod(Class.java:2007)
	at java.lang.Thread.run(Thread.java:745)
2015-02-10 07:54:10,393 [FileSystemWatcher: files=#100 cl=groovy.lang.GroovyClassLoader@1fda6a8] ERROR StackTrace  - Full Stack Trace:
java.lang.LinkageError: loader constraint violation: loader (instance of org/springsource/loaded/ChildClassLoader) previously initiated loading for a different type with name "dk/dm844/bsg/Shiptype"
	at java.lang.Class.privateGetDeclaredMethods(Class.java:2615)
	at java.lang.Class.getDeclaredMethod(Class.java:2007)
	at java.lang.Thread.run(Thread.java:745)
2015-02-10 07:54:10,394 [FileSystemWatcher: files=#100 cl=groovy.lang.GroovyClassLoader@1fda6a8] ERROR StackTrace  - Full Stack Trace:
java.lang.LinkageError: loader constraint violation: loader (instance of org/springsource/loaded/ChildClassLoader) previously initiated loading for a different type with name "dk/dm844/bsg/Shiptype"
	at java.lang.Class.privateGetDeclaredMethods(Class.java:2615)
	at java.lang.Class.getDeclaredMethod(Class.java:2007)
	at java.lang.Thread.run(Thread.java:745)
2015-02-10 07:54:36,817 [FileSystemWatcher: files=#100 cl=groovy.lang.GroovyClassLoader@1fda6a8] ERROR StackTrace  - Full Stack Trace:
java.lang.LinkageError: loader constraint violation: loader (instance of org/springsource/loaded/ChildClassLoader) previously initiated loading for a different type with name "dk/dm844/bsg/Shiptype"
	at java.lang.Class.getDeclaredMethods0(Native Method)
	at java.lang.Class.privateGetDeclaredMethods(Class.java:2615)
	at java.lang.Class.getDeclaredMethod(Class.java:2007)
	at org.springsource.loaded.CurrentLiveVersion.runStaticInitializer(CurrentLiveVersion.java:279)
	at org.springsource.loaded.ReloadableType.loadNewVersion(ReloadableType.java:407)
	at org.springsource.loaded.TypeRegistry.loadNewVersion(TypeRegistry.java:845)
	at org.springsource.loaded.agent.ReloadableFileChangeListener.fileChanged(ReloadableFileChangeListener.java:51)
	at org.springsource.loaded.agent.Watcher.determineChangesSince(FileSystemWatcher.java:235)
	at org.springsource.loaded.agent.Watcher.run(FileSystemWatcher.java:219)
	at java.lang.Thread.run(Thread.java:745)
2015-02-10 07:54:36,832 [FileSystemWatcher: files=#100 cl=groovy.lang.GroovyClassLoader@1fda6a8] ERROR StackTrace  - Full Stack Trace:
java.lang.LinkageError: loader constraint violation: loader (instance of org/springsource/loaded/ChildClassLoader) previously initiated loading for a different type with name "dk/dm844/bsg/Shiptype"
	at java.lang.Class.privateGetDeclaredMethods(Class.java:2615)
	at java.lang.Class.getDeclaredMethod(Class.java:2007)
	at java.lang.Thread.run(Thread.java:745)
2015-02-10 07:54:36,832 [FileSystemWatcher: files=#100 cl=groovy.lang.GroovyClassLoader@1fda6a8] ERROR StackTrace  - Full Stack Trace:
java.lang.LinkageError: loader constraint violation: loader (instance of org/springsource/loaded/ChildClassLoader) previously initiated loading for a different type with name "dk/dm844/bsg/Shiptype"
	at java.lang.Class.privateGetDeclaredMethods(Class.java:2615)
	at java.lang.Class.getDeclaredMethod(Class.java:2007)
	at java.lang.Thread.run(Thread.java:745)
2015-02-10 07:54:36,832 [FileSystemWatcher: files=#100 cl=groovy.lang.GroovyClassLoader@1fda6a8] ERROR StackTrace  - Full Stack Trace:
java.lang.LinkageError: loader constraint violation: loader (instance of org/springsource/loaded/ChildClassLoader) previously initiated loading for a different type with name "dk/dm844/bsg/Shiptype"
	at java.lang.Class.privateGetDeclaredMethods(Class.java:2615)
	at java.lang.Class.getDeclaredMethod(Class.java:2007)
	at java.lang.Thread.run(Thread.java:745)
2015-02-10 07:54:37,199 [main] ERROR StackTrace  - Full Stack Trace:
Condition not satisfied:

new_shipe.validate() == true
|         |          |
|         false      false
dk.dm844.bsg.Ship : (unsaved)

	at dk.dm844.bsg.ShipSpec.Testing something(ShipSpec.groovy:25)
2015-02-10 07:54:37,202 [main] ERROR StackTrace  - Full Stack Trace:
Condition not satisfied:

new_shipe.validate() == true
|         |          |
|         false      false
dk.dm844.bsg.Ship : (unsaved)

	at dk.dm844.bsg.ShipSpec.Testing something(ShipSpec.groovy:25)
2015-02-10 07:54:37,203 [main] ERROR StackTrace  - Full Stack Trace:
junit.framework.AssertionFailedError: Condition not satisfied:

new_shipe.validate() == true
|         |          |
|         false      false
dk.dm844.bsg.Ship : (unsaved)

	at dk.dm844.bsg.ShipSpec.Testing something(ShipSpec.groovy:25)
2015-02-10 07:54:37,203 [main] ERROR StackTrace  - Full Stack Trace:
junit.framework.AssertionFailedError: Condition not satisfied:

new_shipe.validate() == true
|         |          |
|         false      false
dk.dm844.bsg.Ship : (unsaved)

	at dk.dm844.bsg.ShipSpec.Testing something(ShipSpec.groovy:25)
2015-02-10 07:54:37,207 [main] ERROR StackTrace  - Full Stack Trace:
junit.framework.AssertionFailedError: Condition not satisfied:

new_shipe.validate() == true
|         |          |
|         false      false
dk.dm844.bsg.Ship : (unsaved)

	at dk.dm844.bsg.ShipSpec.Testing something(ShipSpec.groovy:25)
2015-02-10 07:54:37,207 [main] ERROR StackTrace  - Full Stack Trace:
junit.framework.AssertionFailedError: Condition not satisfied:

new_shipe.validate() == true
|         |          |
|         false      false
dk.dm844.bsg.Ship : (unsaved)

	at dk.dm844.bsg.ShipSpec.Testing something(ShipSpec.groovy:25)
2015-02-10 10:28:22,545 [main] ERROR StackTrace  - Full Stack Trace:
groovy.lang.MissingPropertyException: No such property: shiptype for class: dk.dm844.bsg.ShipSpec
	at dk.dm844.bsg.ShipSpec.Testing something(ShipSpec.groovy:23)
2015-02-10 10:28:22,550 [main] ERROR StackTrace  - Full Stack Trace:
groovy.lang.MissingPropertyException: No such property: shiptype for class: dk.dm844.bsg.ShipSpec
	at dk.dm844.bsg.ShipSpec.Testing something(ShipSpec.groovy:23)
2015-02-10 10:28:22,552 [main] ERROR StackTrace  - Full Stack Trace:
groovy.lang.MissingPropertyException: No such property: shiptype for class: dk.dm844.bsg.ShipSpec
	at dk.dm844.bsg.ShipSpec.Testing something(ShipSpec.groovy:23)
2015-02-10 10:28:22,553 [main] ERROR StackTrace  - Full Stack Trace:
groovy.lang.MissingPropertyException: No such property: shiptype for class: dk.dm844.bsg.ShipSpec
	at dk.dm844.bsg.ShipSpec.Testing something(ShipSpec.groovy:23)
2015-02-10 10:28:22,561 [main] ERROR StackTrace  - Full Stack Trace:
groovy.lang.MissingPropertyException: No such property: shiptype for class: dk.dm844.bsg.ShipSpec
	at dk.dm844.bsg.ShipSpec.Testing something(ShipSpec.groovy:23)
2015-02-10 10:28:22,562 [main] ERROR StackTrace  - Full Stack Trace:
groovy.lang.MissingPropertyException: No such property: shiptype for class: dk.dm844.bsg.ShipSpec
	at dk.dm844.bsg.ShipSpec.Testing something(ShipSpec.groovy:23)
2015-02-10 16:35:58,774 [main] ERROR StackTrace  - Full Stack Trace:
Condition not satisfied:

true == new_shipe.validate()
     |  |         |
     |  |         false
     |  dk.dm844.bsg.Ship : (unsaved)
     false

	at dk.dm844.bsg.ShipSpec.Testing something(ShipSpec.groovy:25)
2015-02-10 16:35:58,781 [main] ERROR StackTrace  - Full Stack Trace:
Condition not satisfied:

true == new_shipe.validate()
     |  |         |
     |  |         false
     |  dk.dm844.bsg.Ship : (unsaved)
     false

	at dk.dm844.bsg.ShipSpec.Testing something(ShipSpec.groovy:25)
2015-02-10 16:35:58,783 [main] ERROR StackTrace  - Full Stack Trace:
junit.framework.AssertionFailedError: Condition not satisfied:

true == new_shipe.validate()
     |  |         |
     |  |         false
     |  dk.dm844.bsg.Ship : (unsaved)
     false

	at dk.dm844.bsg.ShipSpec.Testing something(ShipSpec.groovy:25)
2015-02-10 16:35:58,783 [main] ERROR StackTrace  - Full Stack Trace:
junit.framework.AssertionFailedError: Condition not satisfied:

true == new_shipe.validate()
     |  |         |
     |  |         false
     |  dk.dm844.bsg.Ship : (unsaved)
     false

	at dk.dm844.bsg.ShipSpec.Testing something(ShipSpec.groovy:25)
2015-02-10 16:35:58,806 [main] ERROR StackTrace  - Full Stack Trace:
junit.framework.AssertionFailedError: Condition not satisfied:

true == new_shipe.validate()
     |  |         |
     |  |         false
     |  dk.dm844.bsg.Ship : (unsaved)
     false

	at dk.dm844.bsg.ShipSpec.Testing something(ShipSpec.groovy:25)
2015-02-10 16:35:58,806 [main] ERROR StackTrace  - Full Stack Trace:
junit.framework.AssertionFailedError: Condition not satisfied:

true == new_shipe.validate()
     |  |         |
     |  |         false
     |  dk.dm844.bsg.Ship : (unsaved)
     false

	at dk.dm844.bsg.ShipSpec.Testing something(ShipSpec.groovy:25)
2015-02-10 16:36:34,770 [main] ERROR StackTrace  - Full Stack Trace:
Condition not satisfied:

true == new_shipe.validate()
     |  |         |
     |  |         false
     |  dk.dm844.bsg.Ship : (unsaved)
     false

	at dk.dm844.bsg.ShipSpec.Testing something(ShipSpec.groovy:25)
2015-02-10 16:36:34,771 [main] ERROR StackTrace  - Full Stack Trace:
Condition not satisfied:

true == new_shipe.validate()
     |  |         |
     |  |         false
     |  dk.dm844.bsg.Ship : (unsaved)
     false

	at dk.dm844.bsg.ShipSpec.Testing something(ShipSpec.groovy:25)
2015-02-10 16:36:34,771 [main] ERROR StackTrace  - Full Stack Trace:
junit.framework.AssertionFailedError: Condition not satisfied:

true == new_shipe.validate()
     |  |         |
     |  |         false
     |  dk.dm844.bsg.Ship : (unsaved)
     false

	at dk.dm844.bsg.ShipSpec.Testing something(ShipSpec.groovy:25)
2015-02-10 16:36:34,771 [main] ERROR StackTrace  - Full Stack Trace:
junit.framework.AssertionFailedError: Condition not satisfied:

true == new_shipe.validate()
     |  |         |
     |  |         false
     |  dk.dm844.bsg.Ship : (unsaved)
     false

	at dk.dm844.bsg.ShipSpec.Testing something(ShipSpec.groovy:25)
2015-02-10 16:36:34,772 [main] ERROR StackTrace  - Full Stack Trace:
junit.framework.AssertionFailedError: Condition not satisfied:

true == new_shipe.validate()
     |  |         |
     |  |         false
     |  dk.dm844.bsg.Ship : (unsaved)
     false

	at dk.dm844.bsg.ShipSpec.Testing something(ShipSpec.groovy:25)
2015-02-10 16:36:34,772 [main] ERROR StackTrace  - Full Stack Trace:
junit.framework.AssertionFailedError: Condition not satisfied:

true == new_shipe.validate()
     |  |         |
     |  |         false
     |  dk.dm844.bsg.Ship : (unsaved)
     false

	at dk.dm844.bsg.ShipSpec.Testing something(ShipSpec.groovy:25)
2015-02-10 16:37:05,296 [main] ERROR StackTrace  - Full Stack Trace:
Condition not satisfied:

true == new_shipe.validate()
     |  |         |
     |  |         false
     |  dk.dm844.bsg.Ship : (unsaved)
     false

	at dk.dm844.bsg.ShipSpec.Testing something(ShipSpec.groovy:25)
2015-02-10 16:37:05,296 [main] ERROR StackTrace  - Full Stack Trace:
Condition not satisfied:

true == new_shipe.validate()
     |  |         |
     |  |         false
     |  dk.dm844.bsg.Ship : (unsaved)
     false

	at dk.dm844.bsg.ShipSpec.Testing something(ShipSpec.groovy:25)
2015-02-10 16:37:05,297 [main] ERROR StackTrace  - Full Stack Trace:
junit.framework.AssertionFailedError: Condition not satisfied:

true == new_shipe.validate()
     |  |         |
     |  |         false
     |  dk.dm844.bsg.Ship : (unsaved)
     false

	at dk.dm844.bsg.ShipSpec.Testing something(ShipSpec.groovy:25)
2015-02-10 16:37:05,297 [main] ERROR StackTrace  - Full Stack Trace:
junit.framework.AssertionFailedError: Condition not satisfied:

true == new_shipe.validate()
     |  |         |
     |  |         false
     |  dk.dm844.bsg.Ship : (unsaved)
     false

	at dk.dm844.bsg.ShipSpec.Testing something(ShipSpec.groovy:25)
2015-02-10 16:37:05,297 [main] ERROR StackTrace  - Full Stack Trace:
junit.framework.AssertionFailedError: Condition not satisfied:

true == new_shipe.validate()
     |  |         |
     |  |         false
     |  dk.dm844.bsg.Ship : (unsaved)
     false

	at dk.dm844.bsg.ShipSpec.Testing something(ShipSpec.groovy:25)
2015-02-10 16:37:05,297 [main] ERROR StackTrace  - Full Stack Trace:
junit.framework.AssertionFailedError: Condition not satisfied:

true == new_shipe.validate()
     |  |         |
     |  |         false
     |  dk.dm844.bsg.Ship : (unsaved)
     false

	at dk.dm844.bsg.ShipSpec.Testing something(ShipSpec.groovy:25)
2015-02-10 16:37:13,969 [main] ERROR StackTrace  - Full Stack Trace:
Condition not satisfied:

true == new_shipe.validate()
     |  |         |
     |  |         false
     |  dk.dm844.bsg.Ship : (unsaved)
     false

	at dk.dm844.bsg.ShipSpec.Testing something(ShipSpec.groovy:25)
2015-02-10 16:37:13,970 [main] ERROR StackTrace  - Full Stack Trace:
Condition not satisfied:

true == new_shipe.validate()
     |  |         |
     |  |         false
     |  dk.dm844.bsg.Ship : (unsaved)
     false

	at dk.dm844.bsg.ShipSpec.Testing something(ShipSpec.groovy:25)
2015-02-10 16:37:13,970 [main] ERROR StackTrace  - Full Stack Trace:
junit.framework.AssertionFailedError: Condition not satisfied:

true == new_shipe.validate()
     |  |         |
     |  |         false
     |  dk.dm844.bsg.Ship : (unsaved)
     false

	at dk.dm844.bsg.ShipSpec.Testing something(ShipSpec.groovy:25)
2015-02-10 16:37:13,970 [main] ERROR StackTrace  - Full Stack Trace:
junit.framework.AssertionFailedError: Condition not satisfied:

true == new_shipe.validate()
     |  |         |
     |  |         false
     |  dk.dm844.bsg.Ship : (unsaved)
     false

	at dk.dm844.bsg.ShipSpec.Testing something(ShipSpec.groovy:25)
2015-02-10 16:37:13,970 [main] ERROR StackTrace  - Full Stack Trace:
junit.framework.AssertionFailedError: Condition not satisfied:

true == new_shipe.validate()
     |  |         |
     |  |         false
     |  dk.dm844.bsg.Ship : (unsaved)
     false

	at dk.dm844.bsg.ShipSpec.Testing something(ShipSpec.groovy:25)
2015-02-10 16:37:13,970 [main] ERROR StackTrace  - Full Stack Trace:
junit.framework.AssertionFailedError: Condition not satisfied:

true == new_shipe.validate()
     |  |         |
     |  |         false
     |  dk.dm844.bsg.Ship : (unsaved)
     false

	at dk.dm844.bsg.ShipSpec.Testing something(ShipSpec.groovy:25)
2015-02-10 16:37:53,288 [main] ERROR StackTrace  - Full Stack Trace:
Condition not satisfied:

true == new_shipe.validate()
     |  |         |
     |  |         false
     |  dk.dm844.bsg.Ship : (unsaved)
     false

	at dk.dm844.bsg.ShipSpec.Testing something(ShipSpec.groovy:25)
2015-02-10 16:37:53,290 [main] ERROR StackTrace  - Full Stack Trace:
Condition not satisfied:

true == new_shipe.validate()
     |  |         |
     |  |         false
     |  dk.dm844.bsg.Ship : (unsaved)
     false

	at dk.dm844.bsg.ShipSpec.Testing something(ShipSpec.groovy:25)
2015-02-10 16:37:53,291 [main] ERROR StackTrace  - Full Stack Trace:
junit.framework.AssertionFailedError: Condition not satisfied:

true == new_shipe.validate()
     |  |         |
     |  |         false
     |  dk.dm844.bsg.Ship : (unsaved)
     false

	at dk.dm844.bsg.ShipSpec.Testing something(ShipSpec.groovy:25)
2015-02-10 16:37:53,291 [main] ERROR StackTrace  - Full Stack Trace:
junit.framework.AssertionFailedError: Condition not satisfied:

true == new_shipe.validate()
     |  |         |
     |  |         false
     |  dk.dm844.bsg.Ship : (unsaved)
     false

	at dk.dm844.bsg.ShipSpec.Testing something(ShipSpec.groovy:25)
2015-02-10 16:37:53,292 [main] ERROR StackTrace  - Full Stack Trace:
junit.framework.AssertionFailedError: Condition not satisfied:

true == new_shipe.validate()
     |  |         |
     |  |         false
     |  dk.dm844.bsg.Ship : (unsaved)
     false

	at dk.dm844.bsg.ShipSpec.Testing something(ShipSpec.groovy:25)
2015-02-10 16:37:53,292 [main] ERROR StackTrace  - Full Stack Trace:
junit.framework.AssertionFailedError: Condition not satisfied:

true == new_shipe.validate()
     |  |         |
     |  |         false
     |  dk.dm844.bsg.Ship : (unsaved)
     false

	at dk.dm844.bsg.ShipSpec.Testing something(ShipSpec.groovy:25)
2015-02-10 16:39:11,162 [main] ERROR StackTrace  - Full Stack Trace:
java.lang.Exception: No tests found matching grails test target pattern filter from org.junit.runner.Request$1@be37e1
	at org.junit.internal.requests.FilterRequest.getRunner(FilterRequest.java:35)
	at org.junit.runner.JUnitCore.run(JUnitCore.java:138)
	at org.junit.runner.JUnitCore$run$0.call(Unknown Source)
	at org.codehaus.groovy.grails.test.spock.GrailsSpecTestType.doRun(GrailsSpecTestType.groovy:147)
	at org.codehaus.groovy.grails.test.support.GrailsTestTypeSupport.run(GrailsTestTypeSupport.groovy:121)
	at org.codehaus.groovy.grails.test.runner.GrailsProjectTestRunner.runTests(GrailsProjectTestRunner.groovy:415)
	at org.codehaus.groovy.grails.test.runner.GrailsProjectTestRunner.processTests(GrailsProjectTestRunner.groovy:395)
	at sun.reflect.NativeMethodAccessorImpl.invoke0(Native Method)
	at sun.reflect.NativeMethodAccessorImpl.invoke(NativeMethodAccessorImpl.java:57)
	at sun.reflect.DelegatingMethodAccessorImpl.invoke(DelegatingMethodAccessorImpl.java:43)
	at java.lang.reflect.Method.invoke(Method.java:606)
	at org.springsource.loaded.ri.ReflectiveInterceptor.jlrMethodInvoke(ReflectiveInterceptor.java:1276)
	at org.codehaus.groovy.reflection.CachedMethod.invoke(CachedMethod.java:90)
	at groovy.lang.MetaMethod.doMethodInvoke(MetaMethod.java:324)
	at groovy.lang.MetaClassImpl.invokeMethod(MetaClassImpl.java:1207)
	at groovy.lang.ExpandoMetaClass.invokeMethod(ExpandoMetaClass.java:1110)
	at groovy.lang.MetaClassImpl.invokeMethod(MetaClassImpl.java:1016)
	at groovy.lang.MetaClassImpl.invokeMethod(MetaClassImpl.java:1152)
	at groovy.lang.ExpandoMetaClass.invokeMethod(ExpandoMetaClass.java:1110)
	at groovy.lang.MetaClassImpl.invokeMethod(MetaClassImpl.java:1016)
	at org.codehaus.groovy.runtime.callsite.PogoMetaClassSite.callCurrent(PogoMetaClassSite.java:66)
	at org.codehaus.groovy.runtime.callsite.AbstractCallSite.callCurrent(AbstractCallSite.java:141)
	at org.codehaus.groovy.grails.test.runner.GrailsProjectTestRunner$_runAllTests_closure7.doCall(GrailsProjectTestRunner.groovy:313)
	at sun.reflect.NativeMethodAccessorImpl.invoke0(Native Method)
	at sun.reflect.NativeMethodAccessorImpl.invoke(NativeMethodAccessorImpl.java:57)
	at sun.reflect.DelegatingMethodAccessorImpl.invoke(DelegatingMethodAccessorImpl.java:43)
	at java.lang.reflect.Method.invoke(Method.java:606)
	at org.springsource.loaded.ri.ReflectiveInterceptor.jlrMethodInvoke(ReflectiveInterceptor.java:1276)
	at org.codehaus.groovy.reflection.CachedMethod.invoke(CachedMethod.java:90)
	at groovy.lang.MetaMethod.doMethodInvoke(MetaMethod.java:324)
	at groovy.lang.MetaClassImpl.invokeMethod(MetaClassImpl.java:1207)
	at groovy.lang.ExpandoMetaClass.invokeMethod(ExpandoMetaClass.java:1110)
	at groovy.lang.MetaClassImpl.invokeMethod(MetaClassImpl.java:1016)
	at groovy.lang.Closure.call(Closure.java:423)
	at org.codehaus.groovy.runtime.DefaultGroovyMethods.callClosureForMapEntry(DefaultGroovyMethods.java:4271)
	at org.codehaus.groovy.runtime.DefaultGroovyMethods.each(DefaultGroovyMethods.java:1408)
	at org.codehaus.groovy.runtime.dgm$151.invoke(Unknown Source)
	at org.codehaus.groovy.runtime.callsite.PojoMetaMethodSite$PojoMetaMethodSiteNoUnwrapNoCoerce.invoke(PojoMetaMethodSite.java:271)
	at org.codehaus.groovy.runtime.callsite.PojoMetaMethodSite.call(PojoMetaMethodSite.java:53)
	at org.codehaus.groovy.runtime.callsite.AbstractCallSite.call(AbstractCallSite.java:116)
	at org.codehaus.groovy.grails.test.runner.GrailsProjectTestRunner.runAllTests(GrailsProjectTestRunner.groovy:299)
	at org.codehaus.groovy.grails.test.runner.GrailsProjectTestRunner.runAllTests(GrailsProjectTestRunner.groovy:214)
	at org.codehaus.groovy.grails.test.runner.GrailsProjectTestRunner.runAllTests(GrailsProjectTestRunner.groovy)
	at org.codehaus.groovy.grails.test.runner.GrailsProjectTestRunner$runAllTests$0.call(Unknown Source)
	at org.codehaus.groovy.grails.cli.fork.testing.ForkedGrailsTestRunner.runInstance(ForkedGrailsTestRunner.groovy:128)
	at org.codehaus.groovy.grails.cli.fork.ForkedGrailsProjectClassExecutor$_run_closure1.doCall(ForkedGrailsProjectClassExecutor.groovy:59)
	at org.codehaus.groovy.grails.cli.fork.ForkedGrailsProjectClassExecutor$_run_closure1.call(ForkedGrailsProjectClassExecutor.groovy)
	at org.codehaus.groovy.grails.cli.fork.ForkedGrailsProcess$_startDaemon_closure3.doCall(ForkedGrailsProcess.groovy:132)
	at sun.reflect.NativeMethodAccessorImpl.invoke0(Native Method)
	at sun.reflect.NativeMethodAccessorImpl.invoke(NativeMethodAccessorImpl.java:57)
	at sun.reflect.DelegatingMethodAccessorImpl.invoke(DelegatingMethodAccessorImpl.java:43)
	at java.lang.reflect.Method.invoke(Method.java:606)
	at org.springsource.loaded.ri.ReflectiveInterceptor.jlrMethodInvoke(ReflectiveInterceptor.java:1276)
	at org.codehaus.groovy.reflection.CachedMethod.invoke(CachedMethod.java:90)
	at groovy.lang.MetaMethod.doMethodInvoke(MetaMethod.java:324)
	at groovy.lang.MetaClassImpl.invokeMethod(MetaClassImpl.java:1207)
	at groovy.lang.ExpandoMetaClass.invokeMethod(ExpandoMetaClass.java:1110)
	at groovy.lang.MetaClassImpl.invokeMethod(MetaClassImpl.java:1016)
	at groovy.lang.Closure.call(Closure.java:423)
	at org.codehaus.groovy.runtime.SocketGroovyMethods.withStreams(SocketGroovyMethods.java:62)
	at org.codehaus.groovy.grails.cli.fork.ForkedGrailsProcess.startDaemon(ForkedGrailsProcess.groovy:109)
	at org.codehaus.groovy.grails.cli.fork.ForkedGrailsProjectClassExecutor.run(ForkedGrailsProjectClassExecutor.groovy:57)
	at org.codehaus.groovy.grails.cli.fork.testing.ForkedGrailsTestRunner.main(ForkedGrailsTestRunner.groovy:75)
2015-02-10 16:39:11,163 [main] ERROR StackTrace  - Full Stack Trace:
java.lang.Exception: No tests found matching grails test target pattern filter from org.junit.runner.Request$1@be37e1
	at org.junit.internal.requests.FilterRequest.getRunner(FilterRequest.java:35)
	at org.junit.runner.JUnitCore.run(JUnitCore.java:138)
2015-02-10 16:39:11,163 [main] ERROR StackTrace  - Full Stack Trace:
java.lang.Exception: No tests found matching grails test target pattern filter from org.junit.runner.Request$1@be37e1
	at org.junit.internal.requests.FilterRequest.getRunner(FilterRequest.java:35)
	at org.junit.runner.JUnitCore.run(JUnitCore.java:138)
2015-02-10 16:39:11,163 [main] ERROR StackTrace  - Full Stack Trace:
java.lang.Exception: No tests found matching grails test target pattern filter from org.junit.runner.Request$1@be37e1
	at org.junit.internal.requests.FilterRequest.getRunner(FilterRequest.java:35)
	at org.junit.runner.JUnitCore.run(JUnitCore.java:138)
2015-02-10 16:39:11,164 [main] ERROR StackTrace  - Full Stack Trace:
java.lang.Exception: No tests found matching grails test target pattern filter from org.junit.runner.Request$1@be37e1
	at org.junit.internal.requests.FilterRequest.getRunner(FilterRequest.java:35)
	at org.junit.runner.JUnitCore.run(JUnitCore.java:138)
2015-02-10 16:39:11,164 [main] ERROR StackTrace  - Full Stack Trace:
java.lang.Exception: No tests found matching grails test target pattern filter from org.junit.runner.Request$1@be37e1
	at org.junit.internal.requests.FilterRequest.getRunner(FilterRequest.java:35)
	at org.junit.runner.JUnitCore.run(JUnitCore.java:138)
2015-02-10 16:40:13,406 [main] ERROR StackTrace  - Full Stack Trace:
java.lang.Exception: No tests found matching grails test target pattern filter from org.junit.runner.Request$1@977485
	at org.junit.internal.requests.FilterRequest.getRunner(FilterRequest.java:35)
	at org.junit.runner.JUnitCore.run(JUnitCore.java:138)
	at org.junit.runner.JUnitCore$run$0.call(Unknown Source)
	at org.codehaus.groovy.grails.test.spock.GrailsSpecTestType.doRun(GrailsSpecTestType.groovy:147)
	at org.codehaus.groovy.grails.test.support.GrailsTestTypeSupport.run(GrailsTestTypeSupport.groovy:121)
	at org.codehaus.groovy.grails.test.runner.GrailsProjectTestRunner.runTests(GrailsProjectTestRunner.groovy:415)
	at org.codehaus.groovy.grails.test.runner.GrailsProjectTestRunner.processTests(GrailsProjectTestRunner.groovy:395)
	at sun.reflect.NativeMethodAccessorImpl.invoke0(Native Method)
	at sun.reflect.NativeMethodAccessorImpl.invoke(NativeMethodAccessorImpl.java:57)
	at sun.reflect.DelegatingMethodAccessorImpl.invoke(DelegatingMethodAccessorImpl.java:43)
	at java.lang.reflect.Method.invoke(Method.java:606)
	at org.springsource.loaded.ri.ReflectiveInterceptor.jlrMethodInvoke(ReflectiveInterceptor.java:1276)
	at org.codehaus.groovy.reflection.CachedMethod.invoke(CachedMethod.java:90)
	at groovy.lang.MetaMethod.doMethodInvoke(MetaMethod.java:324)
	at groovy.lang.MetaClassImpl.invokeMethod(MetaClassImpl.java:1207)
	at groovy.lang.ExpandoMetaClass.invokeMethod(ExpandoMetaClass.java:1110)
	at groovy.lang.MetaClassImpl.invokeMethod(MetaClassImpl.java:1016)
	at groovy.lang.MetaClassImpl.invokeMethod(MetaClassImpl.java:1152)
	at groovy.lang.ExpandoMetaClass.invokeMethod(ExpandoMetaClass.java:1110)
	at groovy.lang.MetaClassImpl.invokeMethod(MetaClassImpl.java:1016)
	at org.codehaus.groovy.runtime.callsite.PogoMetaClassSite.callCurrent(PogoMetaClassSite.java:66)
	at org.codehaus.groovy.runtime.callsite.AbstractCallSite.callCurrent(AbstractCallSite.java:141)
	at org.codehaus.groovy.grails.test.runner.GrailsProjectTestRunner$_runAllTests_closure7.doCall(GrailsProjectTestRunner.groovy:313)
	at sun.reflect.NativeMethodAccessorImpl.invoke0(Native Method)
	at sun.reflect.NativeMethodAccessorImpl.invoke(NativeMethodAccessorImpl.java:57)
	at sun.reflect.DelegatingMethodAccessorImpl.invoke(DelegatingMethodAccessorImpl.java:43)
	at java.lang.reflect.Method.invoke(Method.java:606)
	at org.springsource.loaded.ri.ReflectiveInterceptor.jlrMethodInvoke(ReflectiveInterceptor.java:1276)
	at org.codehaus.groovy.reflection.CachedMethod.invoke(CachedMethod.java:90)
	at groovy.lang.MetaMethod.doMethodInvoke(MetaMethod.java:324)
	at groovy.lang.MetaClassImpl.invokeMethod(MetaClassImpl.java:1207)
	at groovy.lang.ExpandoMetaClass.invokeMethod(ExpandoMetaClass.java:1110)
	at groovy.lang.MetaClassImpl.invokeMethod(MetaClassImpl.java:1016)
	at groovy.lang.Closure.call(Closure.java:423)
	at org.codehaus.groovy.runtime.DefaultGroovyMethods.callClosureForMapEntry(DefaultGroovyMethods.java:4271)
	at org.codehaus.groovy.runtime.DefaultGroovyMethods.each(DefaultGroovyMethods.java:1408)
	at org.codehaus.groovy.runtime.dgm$151.invoke(Unknown Source)
	at org.codehaus.groovy.runtime.callsite.PojoMetaMethodSite$PojoMetaMethodSiteNoUnwrapNoCoerce.invoke(PojoMetaMethodSite.java:271)
	at org.codehaus.groovy.runtime.callsite.PojoMetaMethodSite.call(PojoMetaMethodSite.java:53)
	at org.codehaus.groovy.runtime.callsite.AbstractCallSite.call(AbstractCallSite.java:116)
	at org.codehaus.groovy.grails.test.runner.GrailsProjectTestRunner.runAllTests(GrailsProjectTestRunner.groovy:299)
	at org.codehaus.groovy.grails.test.runner.GrailsProjectTestRunner.runAllTests(GrailsProjectTestRunner.groovy:214)
	at org.codehaus.groovy.grails.test.runner.GrailsProjectTestRunner.runAllTests(GrailsProjectTestRunner.groovy)
	at org.codehaus.groovy.grails.test.runner.GrailsProjectTestRunner$runAllTests$0.call(Unknown Source)
	at org.codehaus.groovy.grails.cli.fork.testing.ForkedGrailsTestRunner.runInstance(ForkedGrailsTestRunner.groovy:128)
	at org.codehaus.groovy.grails.cli.fork.ForkedGrailsProjectClassExecutor$_run_closure1.doCall(ForkedGrailsProjectClassExecutor.groovy:59)
	at org.codehaus.groovy.grails.cli.fork.ForkedGrailsProjectClassExecutor$_run_closure1.call(ForkedGrailsProjectClassExecutor.groovy)
	at org.codehaus.groovy.grails.cli.fork.ForkedGrailsProcess$_startDaemon_closure3.doCall(ForkedGrailsProcess.groovy:132)
	at sun.reflect.NativeMethodAccessorImpl.invoke0(Native Method)
	at sun.reflect.NativeMethodAccessorImpl.invoke(NativeMethodAccessorImpl.java:57)
	at sun.reflect.DelegatingMethodAccessorImpl.invoke(DelegatingMethodAccessorImpl.java:43)
	at java.lang.reflect.Method.invoke(Method.java:606)
	at org.springsource.loaded.ri.ReflectiveInterceptor.jlrMethodInvoke(ReflectiveInterceptor.java:1276)
	at org.codehaus.groovy.reflection.CachedMethod.invoke(CachedMethod.java:90)
	at groovy.lang.MetaMethod.doMethodInvoke(MetaMethod.java:324)
	at groovy.lang.MetaClassImpl.invokeMethod(MetaClassImpl.java:1207)
	at groovy.lang.ExpandoMetaClass.invokeMethod(ExpandoMetaClass.java:1110)
	at groovy.lang.MetaClassImpl.invokeMethod(MetaClassImpl.java:1016)
	at groovy.lang.Closure.call(Closure.java:423)
	at org.codehaus.groovy.runtime.SocketGroovyMethods.withStreams(SocketGroovyMethods.java:62)
	at org.codehaus.groovy.grails.cli.fork.ForkedGrailsProcess.startDaemon(ForkedGrailsProcess.groovy:109)
	at org.codehaus.groovy.grails.cli.fork.ForkedGrailsProjectClassExecutor.run(ForkedGrailsProjectClassExecutor.groovy:57)
	at org.codehaus.groovy.grails.cli.fork.testing.ForkedGrailsTestRunner.main(ForkedGrailsTestRunner.groovy:75)
2015-02-10 16:40:13,406 [main] ERROR StackTrace  - Full Stack Trace:
java.lang.Exception: No tests found matching grails test target pattern filter from org.junit.runner.Request$1@977485
	at org.junit.internal.requests.FilterRequest.getRunner(FilterRequest.java:35)
	at org.junit.runner.JUnitCore.run(JUnitCore.java:138)
2015-02-10 16:40:13,407 [main] ERROR StackTrace  - Full Stack Trace:
java.lang.Exception: No tests found matching grails test target pattern filter from org.junit.runner.Request$1@977485
	at org.junit.internal.requests.FilterRequest.getRunner(FilterRequest.java:35)
	at org.junit.runner.JUnitCore.run(JUnitCore.java:138)
2015-02-10 16:40:13,407 [main] ERROR StackTrace  - Full Stack Trace:
java.lang.Exception: No tests found matching grails test target pattern filter from org.junit.runner.Request$1@977485
	at org.junit.internal.requests.FilterRequest.getRunner(FilterRequest.java:35)
	at org.junit.runner.JUnitCore.run(JUnitCore.java:138)
2015-02-10 16:40:13,407 [main] ERROR StackTrace  - Full Stack Trace:
java.lang.Exception: No tests found matching grails test target pattern filter from org.junit.runner.Request$1@977485
	at org.junit.internal.requests.FilterRequest.getRunner(FilterRequest.java:35)
	at org.junit.runner.JUnitCore.run(JUnitCore.java:138)
2015-02-10 16:40:13,407 [main] ERROR StackTrace  - Full Stack Trace:
java.lang.Exception: No tests found matching grails test target pattern filter from org.junit.runner.Request$1@977485
	at org.junit.internal.requests.FilterRequest.getRunner(FilterRequest.java:35)
	at org.junit.runner.JUnitCore.run(JUnitCore.java:138)
2015-02-10 16:40:15,866 [main] ERROR StackTrace  - Full Stack Trace:
groovy.lang.MissingPropertyException: No such property: fullPopulatedShip for class: dk.dm844.ShipIntegrationSpec
Possible solutions: fullyPopulatedShip
	at dk.dm844.ShipIntegrationSpec.test storing and retrieving a ship(ShipIntegrationSpec.groovy:16)
2015-02-10 16:40:15,871 [main] ERROR StackTrace  - Full Stack Trace:
groovy.lang.MissingPropertyException: No such property: fullPopulatedShip for class: dk.dm844.ShipIntegrationSpec
Possible solutions: fullyPopulatedShip
	at dk.dm844.ShipIntegrationSpec.test storing and retrieving a ship(ShipIntegrationSpec.groovy:16)
2015-02-10 16:40:15,875 [main] ERROR StackTrace  - Full Stack Trace:
groovy.lang.MissingPropertyException: No such property: fullPopulatedShip for class: dk.dm844.ShipIntegrationSpec
Possible solutions: fullyPopulatedShip
	at dk.dm844.ShipIntegrationSpec.test storing and retrieving a ship(ShipIntegrationSpec.groovy:16)
2015-02-10 16:40:15,877 [main] ERROR StackTrace  - Full Stack Trace:
groovy.lang.MissingPropertyException: No such property: fullPopulatedShip for class: dk.dm844.ShipIntegrationSpec
Possible solutions: fullyPopulatedShip
	at dk.dm844.ShipIntegrationSpec.test storing and retrieving a ship(ShipIntegrationSpec.groovy:16)
2015-02-10 16:40:15,885 [main] ERROR StackTrace  - Full Stack Trace:
groovy.lang.MissingPropertyException: No such property: fullPopulatedShip for class: dk.dm844.ShipIntegrationSpec
Possible solutions: fullyPopulatedShip
	at dk.dm844.ShipIntegrationSpec.test storing and retrieving a ship(ShipIntegrationSpec.groovy:16)
2015-02-10 16:40:15,887 [main] ERROR StackTrace  - Full Stack Trace:
groovy.lang.MissingPropertyException: No such property: fullPopulatedShip for class: dk.dm844.ShipIntegrationSpec
Possible solutions: fullyPopulatedShip
	at dk.dm844.ShipIntegrationSpec.test storing and retrieving a ship(ShipIntegrationSpec.groovy:16)
2015-02-10 16:40:55,829 [main] ERROR StackTrace  - Full Stack Trace:
java.lang.Exception: No tests found matching grails test target pattern filter from org.junit.runner.Request$1@14fe05f
	at org.junit.internal.requests.FilterRequest.getRunner(FilterRequest.java:35)
	at org.junit.runner.JUnitCore.run(JUnitCore.java:138)
	at org.junit.runner.JUnitCore$run$0.call(Unknown Source)
	at org.codehaus.groovy.grails.test.spock.GrailsSpecTestType.doRun(GrailsSpecTestType.groovy:147)
	at org.codehaus.groovy.grails.test.support.GrailsTestTypeSupport.run(GrailsTestTypeSupport.groovy:121)
	at org.codehaus.groovy.grails.test.runner.GrailsProjectTestRunner.runTests(GrailsProjectTestRunner.groovy:415)
	at org.codehaus.groovy.grails.test.runner.GrailsProjectTestRunner.processTests(GrailsProjectTestRunner.groovy:395)
	at sun.reflect.NativeMethodAccessorImpl.invoke0(Native Method)
	at sun.reflect.NativeMethodAccessorImpl.invoke(NativeMethodAccessorImpl.java:57)
	at sun.reflect.DelegatingMethodAccessorImpl.invoke(DelegatingMethodAccessorImpl.java:43)
	at java.lang.reflect.Method.invoke(Method.java:606)
	at org.springsource.loaded.ri.ReflectiveInterceptor.jlrMethodInvoke(ReflectiveInterceptor.java:1276)
	at org.codehaus.groovy.reflection.CachedMethod.invoke(CachedMethod.java:90)
	at groovy.lang.MetaMethod.doMethodInvoke(MetaMethod.java:324)
	at groovy.lang.MetaClassImpl.invokeMethod(MetaClassImpl.java:1207)
	at groovy.lang.ExpandoMetaClass.invokeMethod(ExpandoMetaClass.java:1110)
	at groovy.lang.MetaClassImpl.invokeMethod(MetaClassImpl.java:1016)
	at groovy.lang.MetaClassImpl.invokeMethod(MetaClassImpl.java:1152)
	at groovy.lang.ExpandoMetaClass.invokeMethod(ExpandoMetaClass.java:1110)
	at groovy.lang.MetaClassImpl.invokeMethod(MetaClassImpl.java:1016)
	at org.codehaus.groovy.runtime.callsite.PogoMetaClassSite.callCurrent(PogoMetaClassSite.java:66)
	at org.codehaus.groovy.runtime.callsite.AbstractCallSite.callCurrent(AbstractCallSite.java:141)
	at org.codehaus.groovy.grails.test.runner.GrailsProjectTestRunner$_runAllTests_closure7.doCall(GrailsProjectTestRunner.groovy:313)
	at sun.reflect.NativeMethodAccessorImpl.invoke0(Native Method)
	at sun.reflect.NativeMethodAccessorImpl.invoke(NativeMethodAccessorImpl.java:57)
	at sun.reflect.DelegatingMethodAccessorImpl.invoke(DelegatingMethodAccessorImpl.java:43)
	at java.lang.reflect.Method.invoke(Method.java:606)
	at org.springsource.loaded.ri.ReflectiveInterceptor.jlrMethodInvoke(ReflectiveInterceptor.java:1276)
	at org.codehaus.groovy.reflection.CachedMethod.invoke(CachedMethod.java:90)
	at groovy.lang.MetaMethod.doMethodInvoke(MetaMethod.java:324)
	at groovy.lang.MetaClassImpl.invokeMethod(MetaClassImpl.java:1207)
	at groovy.lang.ExpandoMetaClass.invokeMethod(ExpandoMetaClass.java:1110)
	at groovy.lang.MetaClassImpl.invokeMethod(MetaClassImpl.java:1016)
	at groovy.lang.Closure.call(Closure.java:423)
	at org.codehaus.groovy.runtime.DefaultGroovyMethods.callClosureForMapEntry(DefaultGroovyMethods.java:4271)
	at org.codehaus.groovy.runtime.DefaultGroovyMethods.each(DefaultGroovyMethods.java:1408)
	at org.codehaus.groovy.runtime.dgm$151.invoke(Unknown Source)
	at org.codehaus.groovy.runtime.callsite.PojoMetaMethodSite$PojoMetaMethodSiteNoUnwrapNoCoerce.invoke(PojoMetaMethodSite.java:271)
	at org.codehaus.groovy.runtime.callsite.PojoMetaMethodSite.call(PojoMetaMethodSite.java:53)
	at org.codehaus.groovy.runtime.callsite.AbstractCallSite.call(AbstractCallSite.java:116)
	at org.codehaus.groovy.grails.test.runner.GrailsProjectTestRunner.runAllTests(GrailsProjectTestRunner.groovy:299)
	at org.codehaus.groovy.grails.test.runner.GrailsProjectTestRunner.runAllTests(GrailsProjectTestRunner.groovy:214)
	at org.codehaus.groovy.grails.test.runner.GrailsProjectTestRunner.runAllTests(GrailsProjectTestRunner.groovy)
	at org.codehaus.groovy.grails.test.runner.GrailsProjectTestRunner$runAllTests$0.call(Unknown Source)
	at org.codehaus.groovy.grails.cli.fork.testing.ForkedGrailsTestRunner.runInstance(ForkedGrailsTestRunner.groovy:128)
	at org.codehaus.groovy.grails.cli.fork.ForkedGrailsProjectClassExecutor$_run_closure1.doCall(ForkedGrailsProjectClassExecutor.groovy:59)
	at org.codehaus.groovy.grails.cli.fork.ForkedGrailsProjectClassExecutor$_run_closure1.call(ForkedGrailsProjectClassExecutor.groovy)
	at org.codehaus.groovy.grails.cli.fork.ForkedGrailsProcess$_startDaemon_closure3.doCall(ForkedGrailsProcess.groovy:132)
	at sun.reflect.NativeMethodAccessorImpl.invoke0(Native Method)
	at sun.reflect.NativeMethodAccessorImpl.invoke(NativeMethodAccessorImpl.java:57)
	at sun.reflect.DelegatingMethodAccessorImpl.invoke(DelegatingMethodAccessorImpl.java:43)
	at java.lang.reflect.Method.invoke(Method.java:606)
	at org.springsource.loaded.ri.ReflectiveInterceptor.jlrMethodInvoke(ReflectiveInterceptor.java:1276)
	at org.codehaus.groovy.reflection.CachedMethod.invoke(CachedMethod.java:90)
	at groovy.lang.MetaMethod.doMethodInvoke(MetaMethod.java:324)
	at groovy.lang.MetaClassImpl.invokeMethod(MetaClassImpl.java:1207)
	at groovy.lang.ExpandoMetaClass.invokeMethod(ExpandoMetaClass.java:1110)
	at groovy.lang.MetaClassImpl.invokeMethod(MetaClassImpl.java:1016)
	at groovy.lang.Closure.call(Closure.java:423)
	at org.codehaus.groovy.runtime.SocketGroovyMethods.withStreams(SocketGroovyMethods.java:62)
	at org.codehaus.groovy.grails.cli.fork.ForkedGrailsProcess.startDaemon(ForkedGrailsProcess.groovy:109)
	at org.codehaus.groovy.grails.cli.fork.ForkedGrailsProjectClassExecutor.run(ForkedGrailsProjectClassExecutor.groovy:57)
	at org.codehaus.groovy.grails.cli.fork.testing.ForkedGrailsTestRunner.main(ForkedGrailsTestRunner.groovy:75)
2015-02-10 16:40:55,830 [main] ERROR StackTrace  - Full Stack Trace:
java.lang.Exception: No tests found matching grails test target pattern filter from org.junit.runner.Request$1@14fe05f
	at org.junit.internal.requests.FilterRequest.getRunner(FilterRequest.java:35)
	at org.junit.runner.JUnitCore.run(JUnitCore.java:138)
2015-02-10 16:40:55,830 [main] ERROR StackTrace  - Full Stack Trace:
java.lang.Exception: No tests found matching grails test target pattern filter from org.junit.runner.Request$1@14fe05f
	at org.junit.internal.requests.FilterRequest.getRunner(FilterRequest.java:35)
	at org.junit.runner.JUnitCore.run(JUnitCore.java:138)
2015-02-10 16:40:55,830 [main] ERROR StackTrace  - Full Stack Trace:
java.lang.Exception: No tests found matching grails test target pattern filter from org.junit.runner.Request$1@14fe05f
	at org.junit.internal.requests.FilterRequest.getRunner(FilterRequest.java:35)
	at org.junit.runner.JUnitCore.run(JUnitCore.java:138)
2015-02-10 16:40:55,830 [main] ERROR StackTrace  - Full Stack Trace:
java.lang.Exception: No tests found matching grails test target pattern filter from org.junit.runner.Request$1@14fe05f
	at org.junit.internal.requests.FilterRequest.getRunner(FilterRequest.java:35)
	at org.junit.runner.JUnitCore.run(JUnitCore.java:138)
2015-02-10 16:40:55,831 [main] ERROR StackTrace  - Full Stack Trace:
java.lang.Exception: No tests found matching grails test target pattern filter from org.junit.runner.Request$1@14fe05f
	at org.junit.internal.requests.FilterRequest.getRunner(FilterRequest.java:35)
	at org.junit.runner.JUnitCore.run(JUnitCore.java:138)
2015-02-10 16:40:58,104 [main] ERROR StackTrace  - Full Stack Trace:
groovy.lang.MissingMethodException: No signature of method: dk.dm844.ShipIntegrationSpec.getFullPopulatedShip() is applicable for argument types: () values: []
Possible solutions: getFullyPopulatedShip()
	at dk.dm844.ShipIntegrationSpec.test storing and retrieving a ship(ShipIntegrationSpec.groovy:16)
2015-02-10 16:40:58,107 [main] ERROR StackTrace  - Full Stack Trace:
groovy.lang.MissingMethodException: No signature of method: dk.dm844.ShipIntegrationSpec.getFullPopulatedShip() is applicable for argument types: () values: []
Possible solutions: getFullyPopulatedShip()
	at dk.dm844.ShipIntegrationSpec.test storing and retrieving a ship(ShipIntegrationSpec.groovy:16)
2015-02-10 16:40:58,112 [main] ERROR StackTrace  - Full Stack Trace:
groovy.lang.MissingMethodException: No signature of method: dk.dm844.ShipIntegrationSpec.getFullPopulatedShip() is applicable for argument types: () values: []
Possible solutions: getFullyPopulatedShip()
	at dk.dm844.ShipIntegrationSpec.test storing and retrieving a ship(ShipIntegrationSpec.groovy:16)
2015-02-10 16:40:58,113 [main] ERROR StackTrace  - Full Stack Trace:
groovy.lang.MissingMethodException: No signature of method: dk.dm844.ShipIntegrationSpec.getFullPopulatedShip() is applicable for argument types: () values: []
Possible solutions: getFullyPopulatedShip()
	at dk.dm844.ShipIntegrationSpec.test storing and retrieving a ship(ShipIntegrationSpec.groovy:16)
2015-02-10 16:40:58,120 [main] ERROR StackTrace  - Full Stack Trace:
groovy.lang.MissingMethodException: No signature of method: dk.dm844.ShipIntegrationSpec.getFullPopulatedShip() is applicable for argument types: () values: []
Possible solutions: getFullyPopulatedShip()
	at dk.dm844.ShipIntegrationSpec.test storing and retrieving a ship(ShipIntegrationSpec.groovy:16)
2015-02-10 16:40:58,121 [main] ERROR StackTrace  - Full Stack Trace:
groovy.lang.MissingMethodException: No signature of method: dk.dm844.ShipIntegrationSpec.getFullPopulatedShip() is applicable for argument types: () values: []
Possible solutions: getFullyPopulatedShip()
	at dk.dm844.ShipIntegrationSpec.test storing and retrieving a ship(ShipIntegrationSpec.groovy:16)
2015-02-10 16:42:14,130 [main] ERROR StackTrace  - Full Stack Trace:
java.lang.Exception: No tests found matching grails test target pattern filter from org.junit.runner.Request$1@1ff547c
	at org.junit.internal.requests.FilterRequest.getRunner(FilterRequest.java:35)
	at org.junit.runner.JUnitCore.run(JUnitCore.java:138)
	at org.junit.runner.JUnitCore$run$0.call(Unknown Source)
	at org.codehaus.groovy.runtime.callsite.CallSiteArray.defaultCall(CallSiteArray.java:45)
	at org.codehaus.groovy.runtime.callsite.AbstractCallSite.call(AbstractCallSite.java:108)
	at org.codehaus.groovy.runtime.callsite.AbstractCallSite.call(AbstractCallSite.java:116)
	at org.codehaus.groovy.grails.test.spock.GrailsSpecTestType.doRun(GrailsSpecTestType.groovy:147)
	at org.codehaus.groovy.grails.test.support.GrailsTestTypeSupport.run(GrailsTestTypeSupport.groovy:121)
	at org.codehaus.groovy.grails.test.runner.GrailsProjectTestRunner.runTests(GrailsProjectTestRunner.groovy:415)
	at org.codehaus.groovy.grails.test.runner.GrailsProjectTestRunner.processTests(GrailsProjectTestRunner.groovy:395)
	at sun.reflect.NativeMethodAccessorImpl.invoke0(Native Method)
	at sun.reflect.NativeMethodAccessorImpl.invoke(NativeMethodAccessorImpl.java:57)
	at sun.reflect.DelegatingMethodAccessorImpl.invoke(DelegatingMethodAccessorImpl.java:43)
	at java.lang.reflect.Method.invoke(Method.java:606)
	at org.springsource.loaded.ri.ReflectiveInterceptor.jlrMethodInvoke(ReflectiveInterceptor.java:1270)
	at org.codehaus.groovy.reflection.CachedMethod.invoke(CachedMethod.java:90)
	at groovy.lang.MetaMethod.doMethodInvoke(MetaMethod.java:324)
	at groovy.lang.MetaClassImpl.invokeMethod(MetaClassImpl.java:1207)
	at groovy.lang.ExpandoMetaClass.invokeMethod(ExpandoMetaClass.java:1110)
	at groovy.lang.MetaClassImpl.invokeMethod(MetaClassImpl.java:1016)
	at groovy.lang.MetaClassImpl.invokeMethod(MetaClassImpl.java:1152)
	at groovy.lang.ExpandoMetaClass.invokeMethod(ExpandoMetaClass.java:1110)
	at groovy.lang.MetaClassImpl.invokeMethod(MetaClassImpl.java:1016)
	at org.codehaus.groovy.runtime.callsite.PogoMetaClassSite.callCurrent(PogoMetaClassSite.java:66)
	at org.codehaus.groovy.runtime.callsite.CallSiteArray.defaultCallCurrent(CallSiteArray.java:49)
	at org.codehaus.groovy.runtime.callsite.AbstractCallSite.callCurrent(AbstractCallSite.java:133)
	at org.codehaus.groovy.runtime.callsite.AbstractCallSite.callCurrent(AbstractCallSite.java:141)
	at org.codehaus.groovy.grails.test.runner.GrailsProjectTestRunner$_runAllTests_closure7.doCall(GrailsProjectTestRunner.groovy:313)
	at sun.reflect.NativeMethodAccessorImpl.invoke0(Native Method)
	at sun.reflect.NativeMethodAccessorImpl.invoke(NativeMethodAccessorImpl.java:57)
	at sun.reflect.DelegatingMethodAccessorImpl.invoke(DelegatingMethodAccessorImpl.java:43)
	at java.lang.reflect.Method.invoke(Method.java:606)
	at org.springsource.loaded.ri.ReflectiveInterceptor.jlrMethodInvoke(ReflectiveInterceptor.java:1270)
	at org.codehaus.groovy.reflection.CachedMethod.invoke(CachedMethod.java:90)
	at groovy.lang.MetaMethod.doMethodInvoke(MetaMethod.java:324)
	at groovy.lang.MetaClassImpl.invokeMethod(MetaClassImpl.java:1207)
	at groovy.lang.ExpandoMetaClass.invokeMethod(ExpandoMetaClass.java:1110)
	at groovy.lang.MetaClassImpl.invokeMethod(MetaClassImpl.java:1016)
	at groovy.lang.Closure.call(Closure.java:423)
	at org.codehaus.groovy.runtime.DefaultGroovyMethods.callClosureForMapEntry(DefaultGroovyMethods.java:4271)
	at org.codehaus.groovy.runtime.DefaultGroovyMethods.each(DefaultGroovyMethods.java:1408)
	at org.codehaus.groovy.runtime.dgm$151.invoke(Unknown Source)
	at org.codehaus.groovy.runtime.callsite.PojoMetaMethodSite$PojoMetaMethodSiteNoUnwrapNoCoerce.invoke(PojoMetaMethodSite.java:271)
	at org.codehaus.groovy.runtime.callsite.PojoMetaMethodSite.call(PojoMetaMethodSite.java:53)
	at org.codehaus.groovy.runtime.callsite.CallSiteArray.defaultCall(CallSiteArray.java:45)
	at org.codehaus.groovy.runtime.callsite.AbstractCallSite.call(AbstractCallSite.java:108)
	at org.codehaus.groovy.runtime.callsite.AbstractCallSite.call(AbstractCallSite.java:116)
	at org.codehaus.groovy.grails.test.runner.GrailsProjectTestRunner.runAllTests(GrailsProjectTestRunner.groovy:299)
	at org.codehaus.groovy.grails.test.runner.GrailsProjectTestRunner.runAllTests(GrailsProjectTestRunner.groovy:214)
	at org.codehaus.groovy.grails.test.runner.GrailsProjectTestRunner.runAllTests(GrailsProjectTestRunner.groovy)
	at org.codehaus.groovy.grails.test.runner.GrailsProjectTestRunner$runAllTests$0.call(Unknown Source)
	at org.codehaus.groovy.runtime.callsite.CallSiteArray.defaultCall(CallSiteArray.java:45)
	at org.codehaus.groovy.runtime.callsite.AbstractCallSite.call(AbstractCallSite.java:108)
	at org.codehaus.groovy.runtime.callsite.AbstractCallSite.call(AbstractCallSite.java:116)
	at org.codehaus.groovy.grails.cli.fork.testing.ForkedGrailsTestRunner.runInstance(ForkedGrailsTestRunner.groovy:128)
	at org.codehaus.groovy.grails.cli.fork.ForkedGrailsProjectClassExecutor$_run_closure1.doCall(ForkedGrailsProjectClassExecutor.groovy:59)
	at org.codehaus.groovy.grails.cli.fork.ForkedGrailsProjectClassExecutor$_run_closure1.call(ForkedGrailsProjectClassExecutor.groovy)
	at org.codehaus.groovy.grails.cli.fork.ForkedGrailsProcess$_startDaemon_closure3.doCall(ForkedGrailsProcess.groovy:132)
	at sun.reflect.NativeMethodAccessorImpl.invoke0(Native Method)
	at sun.reflect.NativeMethodAccessorImpl.invoke(NativeMethodAccessorImpl.java:57)
	at sun.reflect.DelegatingMethodAccessorImpl.invoke(DelegatingMethodAccessorImpl.java:43)
	at java.lang.reflect.Method.invoke(Method.java:606)
	at org.springsource.loaded.ri.ReflectiveInterceptor.jlrMethodInvoke(ReflectiveInterceptor.java:1270)
	at org.codehaus.groovy.reflection.CachedMethod.invoke(CachedMethod.java:90)
	at groovy.lang.MetaMethod.doMethodInvoke(MetaMethod.java:324)
	at groovy.lang.MetaClassImpl.invokeMethod(MetaClassImpl.java:1207)
	at groovy.lang.ExpandoMetaClass.invokeMethod(ExpandoMetaClass.java:1110)
	at groovy.lang.MetaClassImpl.invokeMethod(MetaClassImpl.java:1016)
	at groovy.lang.Closure.call(Closure.java:423)
	at org.codehaus.groovy.runtime.SocketGroovyMethods.withStreams(SocketGroovyMethods.java:62)
	at org.codehaus.groovy.grails.cli.fork.ForkedGrailsProcess.startDaemon(ForkedGrailsProcess.groovy:109)
	at org.codehaus.groovy.grails.cli.fork.ForkedGrailsProjectClassExecutor.run(ForkedGrailsProjectClassExecutor.groovy:57)
	at org.codehaus.groovy.grails.cli.fork.testing.ForkedGrailsTestRunner.main(ForkedGrailsTestRunner.groovy:75)
2015-02-10 16:42:14,136 [main] ERROR StackTrace  - Full Stack Trace:
java.lang.Exception: No tests found matching grails test target pattern filter from org.junit.runner.Request$1@1ff547c
	at org.junit.internal.requests.FilterRequest.getRunner(FilterRequest.java:35)
	at org.junit.runner.JUnitCore.run(JUnitCore.java:138)
2015-02-10 16:42:14,138 [main] ERROR StackTrace  - Full Stack Trace:
java.lang.Exception: No tests found matching grails test target pattern filter from org.junit.runner.Request$1@1ff547c
	at org.junit.internal.requests.FilterRequest.getRunner(FilterRequest.java:35)
	at org.junit.runner.JUnitCore.run(JUnitCore.java:138)
2015-02-10 16:42:14,138 [main] ERROR StackTrace  - Full Stack Trace:
java.lang.Exception: No tests found matching grails test target pattern filter from org.junit.runner.Request$1@1ff547c
	at org.junit.internal.requests.FilterRequest.getRunner(FilterRequest.java:35)
	at org.junit.runner.JUnitCore.run(JUnitCore.java:138)
2015-02-10 16:42:14,159 [main] ERROR StackTrace  - Full Stack Trace:
java.lang.Exception: No tests found matching grails test target pattern filter from org.junit.runner.Request$1@1ff547c
	at org.junit.internal.requests.FilterRequest.getRunner(FilterRequest.java:35)
	at org.junit.runner.JUnitCore.run(JUnitCore.java:138)
2015-02-10 16:42:14,159 [main] ERROR StackTrace  - Full Stack Trace:
java.lang.Exception: No tests found matching grails test target pattern filter from org.junit.runner.Request$1@1ff547c
	at org.junit.internal.requests.FilterRequest.getRunner(FilterRequest.java:35)
	at org.junit.runner.JUnitCore.run(JUnitCore.java:138)
2015-02-10 16:42:31,477 [main] ERROR StackTrace  - Full Stack Trace:
Condition not satisfied:

ship.validate()
|    |
|    false
dk.dm844.bsg.Ship : (unsaved)

	at dk.dm844.ShipIntegrationSpec.test storing and retrieving a ship(ShipIntegrationSpec.groovy:19)
2015-02-10 16:42:31,479 [main] ERROR StackTrace  - Full Stack Trace:
Condition not satisfied:

ship.validate()
|    |
|    false
dk.dm844.bsg.Ship : (unsaved)

	at dk.dm844.ShipIntegrationSpec.test storing and retrieving a ship(ShipIntegrationSpec.groovy:19)
2015-02-10 16:42:31,480 [main] ERROR StackTrace  - Full Stack Trace:
junit.framework.AssertionFailedError: Condition not satisfied:

ship.validate()
|    |
|    false
dk.dm844.bsg.Ship : (unsaved)

	at dk.dm844.ShipIntegrationSpec.test storing and retrieving a ship(ShipIntegrationSpec.groovy:19)
2015-02-10 16:42:31,480 [main] ERROR StackTrace  - Full Stack Trace:
junit.framework.AssertionFailedError: Condition not satisfied:

ship.validate()
|    |
|    false
dk.dm844.bsg.Ship : (unsaved)

	at dk.dm844.ShipIntegrationSpec.test storing and retrieving a ship(ShipIntegrationSpec.groovy:19)
2015-02-10 16:42:31,480 [main] ERROR StackTrace  - Full Stack Trace:
junit.framework.AssertionFailedError: Condition not satisfied:

ship.validate()
|    |
|    false
dk.dm844.bsg.Ship : (unsaved)

	at dk.dm844.ShipIntegrationSpec.test storing and retrieving a ship(ShipIntegrationSpec.groovy:19)
2015-02-10 16:42:31,480 [main] ERROR StackTrace  - Full Stack Trace:
junit.framework.AssertionFailedError: Condition not satisfied:

ship.validate()
|    |
|    false
dk.dm844.bsg.Ship : (unsaved)

	at dk.dm844.ShipIntegrationSpec.test storing and retrieving a ship(ShipIntegrationSpec.groovy:19)
2015-02-10 16:45:32,717 [main] ERROR StackTrace  - Full Stack Trace:
java.lang.Exception: No tests found matching grails test target pattern filter from org.junit.runner.Request$1@161baf
	at org.junit.internal.requests.FilterRequest.getRunner(FilterRequest.java:35)
	at org.junit.runner.JUnitCore.run(JUnitCore.java:138)
	at org.junit.runner.JUnitCore$run$0.call(Unknown Source)
	at org.codehaus.groovy.grails.test.spock.GrailsSpecTestType.doRun(GrailsSpecTestType.groovy:147)
	at org.codehaus.groovy.grails.test.support.GrailsTestTypeSupport.run(GrailsTestTypeSupport.groovy:121)
	at org.codehaus.groovy.grails.test.runner.GrailsProjectTestRunner.runTests(GrailsProjectTestRunner.groovy:415)
	at org.codehaus.groovy.grails.test.runner.GrailsProjectTestRunner.processTests(GrailsProjectTestRunner.groovy:395)
	at sun.reflect.NativeMethodAccessorImpl.invoke0(Native Method)
	at sun.reflect.NativeMethodAccessorImpl.invoke(NativeMethodAccessorImpl.java:57)
	at sun.reflect.DelegatingMethodAccessorImpl.invoke(DelegatingMethodAccessorImpl.java:43)
	at java.lang.reflect.Method.invoke(Method.java:606)
	at org.springsource.loaded.ri.ReflectiveInterceptor.jlrMethodInvoke(ReflectiveInterceptor.java:1276)
	at org.codehaus.groovy.reflection.CachedMethod.invoke(CachedMethod.java:90)
	at groovy.lang.MetaMethod.doMethodInvoke(MetaMethod.java:324)
	at groovy.lang.MetaClassImpl.invokeMethod(MetaClassImpl.java:1207)
	at groovy.lang.ExpandoMetaClass.invokeMethod(ExpandoMetaClass.java:1110)
	at groovy.lang.MetaClassImpl.invokeMethod(MetaClassImpl.java:1016)
	at groovy.lang.MetaClassImpl.invokeMethod(MetaClassImpl.java:1152)
	at groovy.lang.ExpandoMetaClass.invokeMethod(ExpandoMetaClass.java:1110)
	at groovy.lang.MetaClassImpl.invokeMethod(MetaClassImpl.java:1016)
	at org.codehaus.groovy.runtime.callsite.PogoMetaClassSite.callCurrent(PogoMetaClassSite.java:66)
	at org.codehaus.groovy.runtime.callsite.AbstractCallSite.callCurrent(AbstractCallSite.java:141)
	at org.codehaus.groovy.grails.test.runner.GrailsProjectTestRunner$_runAllTests_closure7.doCall(GrailsProjectTestRunner.groovy:313)
	at sun.reflect.NativeMethodAccessorImpl.invoke0(Native Method)
	at sun.reflect.NativeMethodAccessorImpl.invoke(NativeMethodAccessorImpl.java:57)
	at sun.reflect.DelegatingMethodAccessorImpl.invoke(DelegatingMethodAccessorImpl.java:43)
	at java.lang.reflect.Method.invoke(Method.java:606)
	at org.springsource.loaded.ri.ReflectiveInterceptor.jlrMethodInvoke(ReflectiveInterceptor.java:1276)
	at org.codehaus.groovy.reflection.CachedMethod.invoke(CachedMethod.java:90)
	at groovy.lang.MetaMethod.doMethodInvoke(MetaMethod.java:324)
	at groovy.lang.MetaClassImpl.invokeMethod(MetaClassImpl.java:1207)
	at groovy.lang.ExpandoMetaClass.invokeMethod(ExpandoMetaClass.java:1110)
	at groovy.lang.MetaClassImpl.invokeMethod(MetaClassImpl.java:1016)
	at groovy.lang.Closure.call(Closure.java:423)
	at org.codehaus.groovy.runtime.DefaultGroovyMethods.callClosureForMapEntry(DefaultGroovyMethods.java:4271)
	at org.codehaus.groovy.runtime.DefaultGroovyMethods.each(DefaultGroovyMethods.java:1408)
	at org.codehaus.groovy.runtime.dgm$151.invoke(Unknown Source)
	at org.codehaus.groovy.runtime.callsite.PojoMetaMethodSite$PojoMetaMethodSiteNoUnwrapNoCoerce.invoke(PojoMetaMethodSite.java:271)
	at org.codehaus.groovy.runtime.callsite.PojoMetaMethodSite.call(PojoMetaMethodSite.java:53)
	at org.codehaus.groovy.runtime.callsite.AbstractCallSite.call(AbstractCallSite.java:116)
	at org.codehaus.groovy.grails.test.runner.GrailsProjectTestRunner.runAllTests(GrailsProjectTestRunner.groovy:299)
	at org.codehaus.groovy.grails.test.runner.GrailsProjectTestRunner.runAllTests(GrailsProjectTestRunner.groovy:214)
	at org.codehaus.groovy.grails.test.runner.GrailsProjectTestRunner.runAllTests(GrailsProjectTestRunner.groovy)
	at org.codehaus.groovy.grails.test.runner.GrailsProjectTestRunner$runAllTests$0.call(Unknown Source)
	at org.codehaus.groovy.grails.cli.fork.testing.ForkedGrailsTestRunner.runInstance(ForkedGrailsTestRunner.groovy:128)
	at org.codehaus.groovy.grails.cli.fork.ForkedGrailsProjectClassExecutor$_run_closure1.doCall(ForkedGrailsProjectClassExecutor.groovy:59)
	at org.codehaus.groovy.grails.cli.fork.ForkedGrailsProjectClassExecutor$_run_closure1.call(ForkedGrailsProjectClassExecutor.groovy)
	at org.codehaus.groovy.grails.cli.fork.ForkedGrailsProcess$_startDaemon_closure3.doCall(ForkedGrailsProcess.groovy:132)
	at sun.reflect.NativeMethodAccessorImpl.invoke0(Native Method)
	at sun.reflect.NativeMethodAccessorImpl.invoke(NativeMethodAccessorImpl.java:57)
	at sun.reflect.DelegatingMethodAccessorImpl.invoke(DelegatingMethodAccessorImpl.java:43)
	at java.lang.reflect.Method.invoke(Method.java:606)
	at org.springsource.loaded.ri.ReflectiveInterceptor.jlrMethodInvoke(ReflectiveInterceptor.java:1270)
	at org.codehaus.groovy.reflection.CachedMethod.invoke(CachedMethod.java:90)
	at groovy.lang.MetaMethod.doMethodInvoke(MetaMethod.java:324)
	at groovy.lang.MetaClassImpl.invokeMethod(MetaClassImpl.java:1207)
	at groovy.lang.ExpandoMetaClass.invokeMethod(ExpandoMetaClass.java:1110)
	at groovy.lang.MetaClassImpl.invokeMethod(MetaClassImpl.java:1016)
	at groovy.lang.Closure.call(Closure.java:423)
	at org.codehaus.groovy.runtime.SocketGroovyMethods.withStreams(SocketGroovyMethods.java:62)
	at org.codehaus.groovy.grails.cli.fork.ForkedGrailsProcess.startDaemon(ForkedGrailsProcess.groovy:109)
	at org.codehaus.groovy.grails.cli.fork.ForkedGrailsProjectClassExecutor.run(ForkedGrailsProjectClassExecutor.groovy:57)
	at org.codehaus.groovy.grails.cli.fork.testing.ForkedGrailsTestRunner.main(ForkedGrailsTestRunner.groovy:75)
2015-02-10 16:45:32,719 [main] ERROR StackTrace  - Full Stack Trace:
java.lang.Exception: No tests found matching grails test target pattern filter from org.junit.runner.Request$1@161baf
	at org.junit.internal.requests.FilterRequest.getRunner(FilterRequest.java:35)
	at org.junit.runner.JUnitCore.run(JUnitCore.java:138)
2015-02-10 16:45:32,720 [main] ERROR StackTrace  - Full Stack Trace:
java.lang.Exception: No tests found matching grails test target pattern filter from org.junit.runner.Request$1@161baf
	at org.junit.internal.requests.FilterRequest.getRunner(FilterRequest.java:35)
	at org.junit.runner.JUnitCore.run(JUnitCore.java:138)
2015-02-10 16:45:32,720 [main] ERROR StackTrace  - Full Stack Trace:
java.lang.Exception: No tests found matching grails test target pattern filter from org.junit.runner.Request$1@161baf
	at org.junit.internal.requests.FilterRequest.getRunner(FilterRequest.java:35)
	at org.junit.runner.JUnitCore.run(JUnitCore.java:138)
2015-02-10 16:45:32,720 [main] ERROR StackTrace  - Full Stack Trace:
java.lang.Exception: No tests found matching grails test target pattern filter from org.junit.runner.Request$1@161baf
	at org.junit.internal.requests.FilterRequest.getRunner(FilterRequest.java:35)
	at org.junit.runner.JUnitCore.run(JUnitCore.java:138)
2015-02-10 16:45:32,720 [main] ERROR StackTrace  - Full Stack Trace:
java.lang.Exception: No tests found matching grails test target pattern filter from org.junit.runner.Request$1@161baf
	at org.junit.internal.requests.FilterRequest.getRunner(FilterRequest.java:35)
	at org.junit.runner.JUnitCore.run(JUnitCore.java:138)
2015-02-10 16:45:36,061 [main] ERROR StackTrace  - Full Stack Trace:
Condition not satisfied:

ship.validate()
|    |
|    false
dk.dm844.bsg.Ship : (unsaved)

	at dk.dm844.ShipIntegrationSpec.test storing and retrieving a ship(ShipIntegrationSpec.groovy:19)
2015-02-10 16:45:36,061 [main] ERROR StackTrace  - Full Stack Trace:
Condition not satisfied:

ship.validate()
|    |
|    false
dk.dm844.bsg.Ship : (unsaved)

	at dk.dm844.ShipIntegrationSpec.test storing and retrieving a ship(ShipIntegrationSpec.groovy:19)
2015-02-10 16:45:36,062 [main] ERROR StackTrace  - Full Stack Trace:
junit.framework.AssertionFailedError: Condition not satisfied:

ship.validate()
|    |
|    false
dk.dm844.bsg.Ship : (unsaved)

	at dk.dm844.ShipIntegrationSpec.test storing and retrieving a ship(ShipIntegrationSpec.groovy:19)
2015-02-10 16:45:36,062 [main] ERROR StackTrace  - Full Stack Trace:
junit.framework.AssertionFailedError: Condition not satisfied:

ship.validate()
|    |
|    false
dk.dm844.bsg.Ship : (unsaved)

	at dk.dm844.ShipIntegrationSpec.test storing and retrieving a ship(ShipIntegrationSpec.groovy:19)
2015-02-10 16:45:36,062 [main] ERROR StackTrace  - Full Stack Trace:
junit.framework.AssertionFailedError: Condition not satisfied:

ship.validate()
|    |
|    false
dk.dm844.bsg.Ship : (unsaved)

	at dk.dm844.ShipIntegrationSpec.test storing and retrieving a ship(ShipIntegrationSpec.groovy:19)
2015-02-10 16:45:36,062 [main] ERROR StackTrace  - Full Stack Trace:
junit.framework.AssertionFailedError: Condition not satisfied:

ship.validate()
|    |
|    false
dk.dm844.bsg.Ship : (unsaved)

	at dk.dm844.ShipIntegrationSpec.test storing and retrieving a ship(ShipIntegrationSpec.groovy:19)
2015-02-10 16:58:52,388 [main] ERROR StackTrace  - Full Stack Trace:
java.lang.Exception: No tests found matching grails test target pattern filter from org.junit.runner.Request$1@115987d
	at org.junit.internal.requests.FilterRequest.getRunner(FilterRequest.java:35)
	at org.junit.runner.JUnitCore.run(JUnitCore.java:138)
	at org.junit.runner.JUnitCore$run$0.call(Unknown Source)
	at org.codehaus.groovy.grails.test.spock.GrailsSpecTestType.doRun(GrailsSpecTestType.groovy:147)
	at org.codehaus.groovy.grails.test.support.GrailsTestTypeSupport.run(GrailsTestTypeSupport.groovy:121)
	at org.codehaus.groovy.grails.test.runner.GrailsProjectTestRunner.runTests(GrailsProjectTestRunner.groovy:415)
	at org.codehaus.groovy.grails.test.runner.GrailsProjectTestRunner.processTests(GrailsProjectTestRunner.groovy:395)
	at sun.reflect.NativeMethodAccessorImpl.invoke0(Native Method)
	at sun.reflect.NativeMethodAccessorImpl.invoke(NativeMethodAccessorImpl.java:57)
	at sun.reflect.DelegatingMethodAccessorImpl.invoke(DelegatingMethodAccessorImpl.java:43)
	at java.lang.reflect.Method.invoke(Method.java:606)
	at org.springsource.loaded.ri.ReflectiveInterceptor.jlrMethodInvoke(ReflectiveInterceptor.java:1276)
	at org.codehaus.groovy.reflection.CachedMethod.invoke(CachedMethod.java:90)
	at groovy.lang.MetaMethod.doMethodInvoke(MetaMethod.java:324)
	at groovy.lang.MetaClassImpl.invokeMethod(MetaClassImpl.java:1207)
	at groovy.lang.ExpandoMetaClass.invokeMethod(ExpandoMetaClass.java:1110)
	at groovy.lang.MetaClassImpl.invokeMethod(MetaClassImpl.java:1016)
	at groovy.lang.MetaClassImpl.invokeMethod(MetaClassImpl.java:1152)
	at groovy.lang.ExpandoMetaClass.invokeMethod(ExpandoMetaClass.java:1110)
	at groovy.lang.MetaClassImpl.invokeMethod(MetaClassImpl.java:1016)
	at org.codehaus.groovy.runtime.callsite.PogoMetaClassSite.callCurrent(PogoMetaClassSite.java:66)
	at org.codehaus.groovy.runtime.callsite.AbstractCallSite.callCurrent(AbstractCallSite.java:141)
	at org.codehaus.groovy.grails.test.runner.GrailsProjectTestRunner$_runAllTests_closure7.doCall(GrailsProjectTestRunner.groovy:313)
	at sun.reflect.NativeMethodAccessorImpl.invoke0(Native Method)
	at sun.reflect.NativeMethodAccessorImpl.invoke(NativeMethodAccessorImpl.java:57)
	at sun.reflect.DelegatingMethodAccessorImpl.invoke(DelegatingMethodAccessorImpl.java:43)
	at java.lang.reflect.Method.invoke(Method.java:606)
	at org.springsource.loaded.ri.ReflectiveInterceptor.jlrMethodInvoke(ReflectiveInterceptor.java:1276)
	at org.codehaus.groovy.reflection.CachedMethod.invoke(CachedMethod.java:90)
	at groovy.lang.MetaMethod.doMethodInvoke(MetaMethod.java:324)
	at groovy.lang.MetaClassImpl.invokeMethod(MetaClassImpl.java:1207)
	at groovy.lang.ExpandoMetaClass.invokeMethod(ExpandoMetaClass.java:1110)
	at groovy.lang.MetaClassImpl.invokeMethod(MetaClassImpl.java:1016)
	at groovy.lang.Closure.call(Closure.java:423)
	at org.codehaus.groovy.runtime.DefaultGroovyMethods.callClosureForMapEntry(DefaultGroovyMethods.java:4271)
	at org.codehaus.groovy.runtime.DefaultGroovyMethods.each(DefaultGroovyMethods.java:1408)
	at org.codehaus.groovy.runtime.dgm$151.invoke(Unknown Source)
	at org.codehaus.groovy.runtime.callsite.PojoMetaMethodSite$PojoMetaMethodSiteNoUnwrapNoCoerce.invoke(PojoMetaMethodSite.java:271)
	at org.codehaus.groovy.runtime.callsite.PojoMetaMethodSite.call(PojoMetaMethodSite.java:53)
	at org.codehaus.groovy.runtime.callsite.AbstractCallSite.call(AbstractCallSite.java:116)
	at org.codehaus.groovy.grails.test.runner.GrailsProjectTestRunner.runAllTests(GrailsProjectTestRunner.groovy:299)
	at org.codehaus.groovy.grails.test.runner.GrailsProjectTestRunner.runAllTests(GrailsProjectTestRunner.groovy:214)
	at org.codehaus.groovy.grails.test.runner.GrailsProjectTestRunner.runAllTests(GrailsProjectTestRunner.groovy)
	at org.codehaus.groovy.grails.test.runner.GrailsProjectTestRunner$runAllTests$0.call(Unknown Source)
	at org.codehaus.groovy.grails.cli.fork.testing.ForkedGrailsTestRunner.runInstance(ForkedGrailsTestRunner.groovy:128)
	at org.codehaus.groovy.grails.cli.fork.ForkedGrailsProjectClassExecutor$_run_closure1.doCall(ForkedGrailsProjectClassExecutor.groovy:59)
	at org.codehaus.groovy.grails.cli.fork.ForkedGrailsProjectClassExecutor$_run_closure1.call(ForkedGrailsProjectClassExecutor.groovy)
	at org.codehaus.groovy.grails.cli.fork.ForkedGrailsProcess$_startDaemon_closure3.doCall(ForkedGrailsProcess.groovy:132)
	at sun.reflect.NativeMethodAccessorImpl.invoke0(Native Method)
	at sun.reflect.NativeMethodAccessorImpl.invoke(NativeMethodAccessorImpl.java:57)
	at sun.reflect.DelegatingMethodAccessorImpl.invoke(DelegatingMethodAccessorImpl.java:43)
	at java.lang.reflect.Method.invoke(Method.java:606)
	at org.springsource.loaded.ri.ReflectiveInterceptor.jlrMethodInvoke(ReflectiveInterceptor.java:1276)
	at org.codehaus.groovy.reflection.CachedMethod.invoke(CachedMethod.java:90)
	at groovy.lang.MetaMethod.doMethodInvoke(MetaMethod.java:324)
	at groovy.lang.MetaClassImpl.invokeMethod(MetaClassImpl.java:1207)
	at groovy.lang.ExpandoMetaClass.invokeMethod(ExpandoMetaClass.java:1110)
	at groovy.lang.MetaClassImpl.invokeMethod(MetaClassImpl.java:1016)
	at groovy.lang.Closure.call(Closure.java:423)
	at org.codehaus.groovy.runtime.SocketGroovyMethods.withStreams(SocketGroovyMethods.java:62)
	at org.codehaus.groovy.grails.cli.fork.ForkedGrailsProcess.startDaemon(ForkedGrailsProcess.groovy:109)
	at org.codehaus.groovy.grails.cli.fork.ForkedGrailsProjectClassExecutor.run(ForkedGrailsProjectClassExecutor.groovy:57)
	at org.codehaus.groovy.grails.cli.fork.testing.ForkedGrailsTestRunner.main(ForkedGrailsTestRunner.groovy:75)
2015-02-10 16:58:52,389 [main] ERROR StackTrace  - Full Stack Trace:
java.lang.Exception: No tests found matching grails test target pattern filter from org.junit.runner.Request$1@115987d
	at org.junit.internal.requests.FilterRequest.getRunner(FilterRequest.java:35)
	at org.junit.runner.JUnitCore.run(JUnitCore.java:138)
2015-02-10 16:58:52,389 [main] ERROR StackTrace  - Full Stack Trace:
java.lang.Exception: No tests found matching grails test target pattern filter from org.junit.runner.Request$1@115987d
	at org.junit.internal.requests.FilterRequest.getRunner(FilterRequest.java:35)
	at org.junit.runner.JUnitCore.run(JUnitCore.java:138)
2015-02-10 16:58:52,389 [main] ERROR StackTrace  - Full Stack Trace:
java.lang.Exception: No tests found matching grails test target pattern filter from org.junit.runner.Request$1@115987d
	at org.junit.internal.requests.FilterRequest.getRunner(FilterRequest.java:35)
	at org.junit.runner.JUnitCore.run(JUnitCore.java:138)
2015-02-10 16:58:52,390 [main] ERROR StackTrace  - Full Stack Trace:
java.lang.Exception: No tests found matching grails test target pattern filter from org.junit.runner.Request$1@115987d
	at org.junit.internal.requests.FilterRequest.getRunner(FilterRequest.java:35)
	at org.junit.runner.JUnitCore.run(JUnitCore.java:138)
2015-02-10 16:58:52,390 [main] ERROR StackTrace  - Full Stack Trace:
java.lang.Exception: No tests found matching grails test target pattern filter from org.junit.runner.Request$1@115987d
	at org.junit.internal.requests.FilterRequest.getRunner(FilterRequest.java:35)
	at org.junit.runner.JUnitCore.run(JUnitCore.java:138)
2015-02-10 16:58:54,546 [main] ERROR StackTrace  - Full Stack Trace:
Condition not satisfied:

ship.validate()
|    |
|    false
dk.dm844.bsg.Ship : (unsaved)

	at dk.dm844.ShipIntegrationSpec.test storing and retrieving a ship(ShipIntegrationSpec.groovy:19)
2015-02-10 16:58:54,546 [main] ERROR StackTrace  - Full Stack Trace:
Condition not satisfied:

ship.validate()
|    |
|    false
dk.dm844.bsg.Ship : (unsaved)

	at dk.dm844.ShipIntegrationSpec.test storing and retrieving a ship(ShipIntegrationSpec.groovy:19)
2015-02-10 16:58:54,547 [main] ERROR StackTrace  - Full Stack Trace:
junit.framework.AssertionFailedError: Condition not satisfied:

ship.validate()
|    |
|    false
dk.dm844.bsg.Ship : (unsaved)

	at dk.dm844.ShipIntegrationSpec.test storing and retrieving a ship(ShipIntegrationSpec.groovy:19)
2015-02-10 16:58:54,547 [main] ERROR StackTrace  - Full Stack Trace:
junit.framework.AssertionFailedError: Condition not satisfied:

ship.validate()
|    |
|    false
dk.dm844.bsg.Ship : (unsaved)

	at dk.dm844.ShipIntegrationSpec.test storing and retrieving a ship(ShipIntegrationSpec.groovy:19)
2015-02-10 16:58:54,547 [main] ERROR StackTrace  - Full Stack Trace:
junit.framework.AssertionFailedError: Condition not satisfied:

ship.validate()
|    |
|    false
dk.dm844.bsg.Ship : (unsaved)

	at dk.dm844.ShipIntegrationSpec.test storing and retrieving a ship(ShipIntegrationSpec.groovy:19)
2015-02-10 16:58:54,547 [main] ERROR StackTrace  - Full Stack Trace:
junit.framework.AssertionFailedError: Condition not satisfied:

ship.validate()
|    |
|    false
dk.dm844.bsg.Ship : (unsaved)

	at dk.dm844.ShipIntegrationSpec.test storing and retrieving a ship(ShipIntegrationSpec.groovy:19)
2015-02-10 17:01:13,199 [main] ERROR StackTrace  - Full Stack Trace:
Condition not satisfied:

ship.validate()
|    |
|    false
dk.dm844.bsg.Ship : (unsaved)

	at dk.dm844.ShipIntegrationSpec.test storing and retrieving a ship(ShipIntegrationSpec.groovy:19)
2015-02-10 17:01:13,201 [main] ERROR StackTrace  - Full Stack Trace:
Condition not satisfied:

ship.validate()
|    |
|    false
dk.dm844.bsg.Ship : (unsaved)

	at dk.dm844.ShipIntegrationSpec.test storing and retrieving a ship(ShipIntegrationSpec.groovy:19)
2015-02-10 17:01:13,201 [main] ERROR StackTrace  - Full Stack Trace:
junit.framework.AssertionFailedError: Condition not satisfied:

ship.validate()
|    |
|    false
dk.dm844.bsg.Ship : (unsaved)

	at dk.dm844.ShipIntegrationSpec.test storing and retrieving a ship(ShipIntegrationSpec.groovy:19)
2015-02-10 17:01:13,202 [main] ERROR StackTrace  - Full Stack Trace:
junit.framework.AssertionFailedError: Condition not satisfied:

ship.validate()
|    |
|    false
dk.dm844.bsg.Ship : (unsaved)

	at dk.dm844.ShipIntegrationSpec.test storing and retrieving a ship(ShipIntegrationSpec.groovy:19)
2015-02-10 17:01:13,202 [main] ERROR StackTrace  - Full Stack Trace:
junit.framework.AssertionFailedError: Condition not satisfied:

ship.validate()
|    |
|    false
dk.dm844.bsg.Ship : (unsaved)

	at dk.dm844.ShipIntegrationSpec.test storing and retrieving a ship(ShipIntegrationSpec.groovy:19)
2015-02-10 17:01:13,202 [main] ERROR StackTrace  - Full Stack Trace:
junit.framework.AssertionFailedError: Condition not satisfied:

ship.validate()
|    |
|    false
dk.dm844.bsg.Ship : (unsaved)

	at dk.dm844.ShipIntegrationSpec.test storing and retrieving a ship(ShipIntegrationSpec.groovy:19)
2015-02-10 17:02:14,371 [main] ERROR StackTrace  - Full Stack Trace:
groovy.lang.MissingMethodException: No signature of method: dk.dm844.bsg.Ship.getFullyPopulatedShip() is applicable for argument types: () values: []
	at org.springsource.loaded.ri.ReflectiveInterceptor.jlrConstructorNewInstance(ReflectiveInterceptor.java:1002)
	at org.grails.datastore.gorm.GormStaticApi.methodMissing(GormStaticApi.groovy:92)
	at org.springsource.loaded.ri.ReloadedTypeInvoker$1.invoke(ReloadedTypeInvoker.java:105)
	at org.springsource.loaded.ri.ReflectiveInterceptor.jlrMethodInvoke(ReflectiveInterceptor.java:1299)
	at dk.dm844.ShipIntegrationSpec.test storing and retrieving a ship(ShipIntegrationSpec.groovy:16)
2015-02-10 17:02:14,414 [main] ERROR StackTrace  - Full Stack Trace:
groovy.lang.MissingMethodException: No signature of method: dk.dm844.bsg.Ship.getFullyPopulatedShip() is applicable for argument types: () values: []
	at org.grails.datastore.gorm.GormStaticApi.methodMissing(GormStaticApi.groovy:92)
	at dk.dm844.ShipIntegrationSpec.test storing and retrieving a ship(ShipIntegrationSpec.groovy:16)
2015-02-10 17:02:14,460 [main] ERROR StackTrace  - Full Stack Trace:
groovy.lang.MissingMethodException: No signature of method: dk.dm844.bsg.Ship.getFullyPopulatedShip() is applicable for argument types: () values: []
	at org.grails.datastore.gorm.GormStaticApi.methodMissing(GormStaticApi.groovy:92)
	at dk.dm844.ShipIntegrationSpec.test storing and retrieving a ship(ShipIntegrationSpec.groovy:16)
2015-02-10 17:02:14,462 [main] ERROR StackTrace  - Full Stack Trace:
groovy.lang.MissingMethodException: No signature of method: dk.dm844.bsg.Ship.getFullyPopulatedShip() is applicable for argument types: () values: []
	at org.grails.datastore.gorm.GormStaticApi.methodMissing(GormStaticApi.groovy:92)
	at dk.dm844.ShipIntegrationSpec.test storing and retrieving a ship(ShipIntegrationSpec.groovy:16)
2015-02-10 17:02:14,470 [main] ERROR StackTrace  - Full Stack Trace:
groovy.lang.MissingMethodException: No signature of method: dk.dm844.bsg.Ship.getFullyPopulatedShip() is applicable for argument types: () values: []
	at org.grails.datastore.gorm.GormStaticApi.methodMissing(GormStaticApi.groovy:92)
	at dk.dm844.ShipIntegrationSpec.test storing and retrieving a ship(ShipIntegrationSpec.groovy:16)
2015-02-10 17:02:14,473 [main] ERROR StackTrace  - Full Stack Trace:
groovy.lang.MissingMethodException: No signature of method: dk.dm844.bsg.Ship.getFullyPopulatedShip() is applicable for argument types: () values: []
	at org.grails.datastore.gorm.GormStaticApi.methodMissing(GormStaticApi.groovy:92)
	at dk.dm844.ShipIntegrationSpec.test storing and retrieving a ship(ShipIntegrationSpec.groovy:16)
2015-02-10 17:02:47,532 [main] ERROR StackTrace  - Full Stack Trace:
Condition not satisfied:

ship.validate()
|    |
|    false
dk.dm844.bsg.Ship : (unsaved)

	at dk.dm844.ShipIntegrationSpec.test storing and retrieving a ship(ShipIntegrationSpec.groovy:19)
2015-02-10 17:02:47,534 [main] ERROR StackTrace  - Full Stack Trace:
Condition not satisfied:

ship.validate()
|    |
|    false
dk.dm844.bsg.Ship : (unsaved)

	at dk.dm844.ShipIntegrationSpec.test storing and retrieving a ship(ShipIntegrationSpec.groovy:19)
2015-02-10 17:02:47,534 [main] ERROR StackTrace  - Full Stack Trace:
junit.framework.AssertionFailedError: Condition not satisfied:

ship.validate()
|    |
|    false
dk.dm844.bsg.Ship : (unsaved)

	at dk.dm844.ShipIntegrationSpec.test storing and retrieving a ship(ShipIntegrationSpec.groovy:19)
2015-02-10 17:02:47,534 [main] ERROR StackTrace  - Full Stack Trace:
junit.framework.AssertionFailedError: Condition not satisfied:

ship.validate()
|    |
|    false
dk.dm844.bsg.Ship : (unsaved)

	at dk.dm844.ShipIntegrationSpec.test storing and retrieving a ship(ShipIntegrationSpec.groovy:19)
2015-02-10 17:02:47,535 [main] ERROR StackTrace  - Full Stack Trace:
junit.framework.AssertionFailedError: Condition not satisfied:

ship.validate()
|    |
|    false
dk.dm844.bsg.Ship : (unsaved)

	at dk.dm844.ShipIntegrationSpec.test storing and retrieving a ship(ShipIntegrationSpec.groovy:19)
2015-02-10 17:02:47,535 [main] ERROR StackTrace  - Full Stack Trace:
junit.framework.AssertionFailedError: Condition not satisfied:

ship.validate()
|    |
|    false
dk.dm844.bsg.Ship : (unsaved)

	at dk.dm844.ShipIntegrationSpec.test storing and retrieving a ship(ShipIntegrationSpec.groovy:19)
2015-02-10 17:11:45,743 [main] ERROR StackTrace  - Full Stack Trace:
Condition not satisfied:

ship.validate()
|    |
|    false
dk.dm844.bsg.Ship : (unsaved)

	at dk.dm844.ShipIntegrationSpec.test storing and retrieving a ship(ShipIntegrationSpec.groovy:19)
2015-02-10 17:11:45,743 [main] ERROR StackTrace  - Full Stack Trace:
Condition not satisfied:

ship.validate()
|    |
|    false
dk.dm844.bsg.Ship : (unsaved)

	at dk.dm844.ShipIntegrationSpec.test storing and retrieving a ship(ShipIntegrationSpec.groovy:19)
2015-02-10 17:11:45,744 [main] ERROR StackTrace  - Full Stack Trace:
junit.framework.AssertionFailedError: Condition not satisfied:

ship.validate()
|    |
|    false
dk.dm844.bsg.Ship : (unsaved)

	at dk.dm844.ShipIntegrationSpec.test storing and retrieving a ship(ShipIntegrationSpec.groovy:19)
2015-02-10 17:11:45,744 [main] ERROR StackTrace  - Full Stack Trace:
junit.framework.AssertionFailedError: Condition not satisfied:

ship.validate()
|    |
|    false
dk.dm844.bsg.Ship : (unsaved)

	at dk.dm844.ShipIntegrationSpec.test storing and retrieving a ship(ShipIntegrationSpec.groovy:19)
2015-02-10 17:11:45,744 [main] ERROR StackTrace  - Full Stack Trace:
junit.framework.AssertionFailedError: Condition not satisfied:

ship.validate()
|    |
|    false
dk.dm844.bsg.Ship : (unsaved)

	at dk.dm844.ShipIntegrationSpec.test storing and retrieving a ship(ShipIntegrationSpec.groovy:19)
2015-02-10 17:11:45,745 [main] ERROR StackTrace  - Full Stack Trace:
junit.framework.AssertionFailedError: Condition not satisfied:

ship.validate()
|    |
|    false
dk.dm844.bsg.Ship : (unsaved)

	at dk.dm844.ShipIntegrationSpec.test storing and retrieving a ship(ShipIntegrationSpec.groovy:19)
