<?xml version="1.0" encoding="UTF-8" ?>
<testsuites>
  <testsuite errors="0" failures="0" hostname="Angus" id="0" name="ShipIntegrationSpec" package="dk.dm844" tests="1" time="0.293" timestamp="2015-02-23T18:32:15">
      <properties />

      <testcase classname="dk.dm844.ShipIntegrationSpec" name="test storing and retrieving a ship" time="0.292" />

      <system-out><![CDATA[--Output from test storing and retrieving a ship--
]]></system-out>

      <system-err><![CDATA[--Output from test storing and retrieving a ship--
]]></system-err>

  </testsuite>
  <testsuite errors="0" failures="0" hostname="Angus" id="1" name="ShipSpec" package="dk.dm844.bsg" tests="1" time="1.949" timestamp="2015-02-23T18:32:06">
      <properties />

      <testcase classname="dk.dm844.bsg.ShipSpec" name="Test something" time="1.901" />

      <system-out><![CDATA[--Output from Test something--
]]></system-out>

      <system-err><![CDATA[--Output from Test something--
]]></system-err>

  </testsuite>
</testsuites>
